{"/Users/jencarrigan/Documents/GitHub/data-structures-and-algorithms/code6/linked-list.js": {"path":"/Users/jencarrigan/Documents/GitHub/data-structures-and-algorithms/code6/linked-list.js","statementMap":{"0":{"start":{"line":5,"column":8},"end":{"line":7,"column":9}},"1":{"start":{"line":6,"column":12},"end":{"line":6,"column":67}},"2":{"start":{"line":8,"column":9},"end":{"line":10,"column":9}},"3":{"start":{"line":9,"column":12},"end":{"line":9,"column":72}},"4":{"start":{"line":11,"column":8},"end":{"line":11,"column":25}},"5":{"start":{"line":12,"column":8},"end":{"line":12,"column":25}},"6":{"start":{"line":15,"column":1},"end":{"line":113,"column":1}},"7":{"start":{"line":17,"column":8},"end":{"line":17,"column":25}},"8":{"start":{"line":20,"column":8},"end":{"line":22,"column":9}},"9":{"start":{"line":21,"column":12},"end":{"line":21,"column":53}},"10":{"start":{"line":23,"column":9},"end":{"line":25,"column":9}},"11":{"start":{"line":24,"column":12},"end":{"line":24,"column":72}},"12":{"start":{"line":26,"column":9},"end":{"line":33,"column":9}},"13":{"start":{"line":27,"column":12},"end":{"line":27,"column":38}},"14":{"start":{"line":28,"column":12},"end":{"line":28,"column":24}},"15":{"start":{"line":31,"column":12},"end":{"line":31,"column":49}},"16":{"start":{"line":32,"column":12},"end":{"line":32,"column":24}},"17":{"start":{"line":36,"column":8},"end":{"line":38,"column":9}},"18":{"start":{"line":37,"column":12},"end":{"line":37,"column":53}},"19":{"start":{"line":39,"column":9},"end":{"line":41,"column":9}},"20":{"start":{"line":40,"column":12},"end":{"line":40,"column":72}},"21":{"start":{"line":43,"column":22},"end":{"line":43,"column":31}},"22":{"start":{"line":44,"column":8},"end":{"line":50,"column":9}},"23":{"start":{"line":45,"column":12},"end":{"line":47,"column":13}},"24":{"start":{"line":46,"column":16},"end":{"line":46,"column":28}},"25":{"start":{"line":49,"column":12},"end":{"line":49,"column":35}},"26":{"start":{"line":51,"column":8},"end":{"line":51,"column":21}},"27":{"start":{"line":54,"column":8},"end":{"line":56,"column":9}},"28":{"start":{"line":55,"column":12},"end":{"line":55,"column":48}},"29":{"start":{"line":57,"column":9},"end":{"line":59,"column":9}},"30":{"start":{"line":58,"column":12},"end":{"line":58,"column":74}},"31":{"start":{"line":60,"column":23},"end":{"line":60,"column":32}},"32":{"start":{"line":61,"column":18},"end":{"line":61,"column":20}},"33":{"start":{"line":62,"column":8},"end":{"line":65,"column":9}},"34":{"start":{"line":63,"column":12},"end":{"line":63,"column":36}},"35":{"start":{"line":64,"column":12},"end":{"line":64,"column":35}},"36":{"start":{"line":66,"column":8},"end":{"line":66,"column":30}},"37":{"start":{"line":70,"column":22},"end":{"line":70,"column":31}},"38":{"start":{"line":72,"column":8},"end":{"line":74,"column":9}},"39":{"start":{"line":73,"column":12},"end":{"line":73,"column":35}},"40":{"start":{"line":75,"column":8},"end":{"line":75,"column":37}},"41":{"start":{"line":79,"column":22},"end":{"line":79,"column":31}},"42":{"start":{"line":80,"column":22},"end":{"line":80,"column":38}},"43":{"start":{"line":82,"column":8},"end":{"line":90,"column":9}},"44":{"start":{"line":83,"column":12},"end":{"line":88,"column":13}},"45":{"start":{"line":85,"column":16},"end":{"line":85,"column":44}},"46":{"start":{"line":86,"column":16},"end":{"line":86,"column":39}},"47":{"start":{"line":87,"column":16},"end":{"line":87,"column":23}},"48":{"start":{"line":89,"column":12},"end":{"line":89,"column":35}},"49":{"start":{"line":94,"column":22},"end":{"line":94,"column":31}},"50":{"start":{"line":95,"column":22},"end":{"line":95,"column":38}},"51":{"start":{"line":97,"column":8},"end":{"line":104,"column":9}},"52":{"start":{"line":98,"column":12},"end":{"line":102,"column":13}},"53":{"start":{"line":99,"column":16},"end":{"line":99,"column":44}},"54":{"start":{"line":100,"column":16},"end":{"line":100,"column":39}},"55":{"start":{"line":101,"column":16},"end":{"line":101,"column":23}},"56":{"start":{"line":103,"column":12},"end":{"line":103,"column":35}}},"fnMap":{"0":{"name":"(anonymous_0)","decl":{"start":{"line":4,"column":4},"end":{"line":4,"column":5}},"loc":{"start":{"line":4,"column":35},"end":{"line":13,"column":5}},"line":4},"1":{"name":"(anonymous_1)","decl":{"start":{"line":16,"column":4},"end":{"line":16,"column":5}},"loc":{"start":{"line":16,"column":30},"end":{"line":18,"column":5}},"line":16},"2":{"name":"(anonymous_2)","decl":{"start":{"line":19,"column":5},"end":{"line":19,"column":6}},"loc":{"start":{"line":19,"column":17},"end":{"line":34,"column":5}},"line":19},"3":{"name":"(anonymous_3)","decl":{"start":{"line":35,"column":5},"end":{"line":35,"column":6}},"loc":{"start":{"line":35,"column":19},"end":{"line":52,"column":5}},"line":35},"4":{"name":"(anonymous_4)","decl":{"start":{"line":53,"column":5},"end":{"line":53,"column":6}},"loc":{"start":{"line":53,"column":13},"end":{"line":67,"column":5}},"line":53},"5":{"name":"(anonymous_5)","decl":{"start":{"line":69,"column":4},"end":{"line":69,"column":5}},"loc":{"start":{"line":69,"column":16},"end":{"line":76,"column":5}},"line":69},"6":{"name":"(anonymous_6)","decl":{"start":{"line":78,"column":4},"end":{"line":78,"column":5}},"loc":{"start":{"line":78,"column":30},"end":{"line":91,"column":5}},"line":78},"7":{"name":"(anonymous_7)","decl":{"start":{"line":93,"column":4},"end":{"line":93,"column":5}},"loc":{"start":{"line":93,"column":29},"end":{"line":112,"column":5}},"line":93}},"branchMap":{"0":{"loc":{"start":{"line":4,"column":22},"end":{"line":4,"column":33}},"type":"default-arg","locations":[{"start":{"line":4,"column":29},"end":{"line":4,"column":33}}],"line":4},"1":{"loc":{"start":{"line":5,"column":8},"end":{"line":7,"column":9}},"type":"if","locations":[{"start":{"line":5,"column":8},"end":{"line":7,"column":9}},{"start":{"line":5,"column":8},"end":{"line":7,"column":9}}],"line":5},"2":{"loc":{"start":{"line":8,"column":9},"end":{"line":10,"column":9}},"type":"if","locations":[{"start":{"line":8,"column":9},"end":{"line":10,"column":9}},{"start":{"line":8,"column":9},"end":{"line":10,"column":9}}],"line":8},"3":{"loc":{"start":{"line":16,"column":17},"end":{"line":16,"column":28}},"type":"default-arg","locations":[{"start":{"line":16,"column":24},"end":{"line":16,"column":28}}],"line":16},"4":{"loc":{"start":{"line":20,"column":8},"end":{"line":22,"column":9}},"type":"if","locations":[{"start":{"line":20,"column":8},"end":{"line":22,"column":9}},{"start":{"line":20,"column":8},"end":{"line":22,"column":9}}],"line":20},"5":{"loc":{"start":{"line":20,"column":12},"end":{"line":20,"column":45}},"type":"binary-expr","locations":[{"start":{"line":20,"column":12},"end":{"line":20,"column":24}},{"start":{"line":20,"column":28},"end":{"line":20,"column":45}}],"line":20},"6":{"loc":{"start":{"line":23,"column":9},"end":{"line":25,"column":9}},"type":"if","locations":[{"start":{"line":23,"column":9},"end":{"line":25,"column":9}},{"start":{"line":23,"column":9},"end":{"line":25,"column":9}}],"line":23},"7":{"loc":{"start":{"line":26,"column":9},"end":{"line":33,"column":9}},"type":"if","locations":[{"start":{"line":26,"column":9},"end":{"line":33,"column":9}},{"start":{"line":26,"column":9},"end":{"line":33,"column":9}}],"line":26},"8":{"loc":{"start":{"line":36,"column":8},"end":{"line":38,"column":9}},"type":"if","locations":[{"start":{"line":36,"column":8},"end":{"line":38,"column":9}},{"start":{"line":36,"column":8},"end":{"line":38,"column":9}}],"line":36},"9":{"loc":{"start":{"line":36,"column":12},"end":{"line":36,"column":45}},"type":"binary-expr","locations":[{"start":{"line":36,"column":12},"end":{"line":36,"column":24}},{"start":{"line":36,"column":28},"end":{"line":36,"column":45}}],"line":36},"10":{"loc":{"start":{"line":39,"column":9},"end":{"line":41,"column":9}},"type":"if","locations":[{"start":{"line":39,"column":9},"end":{"line":41,"column":9}},{"start":{"line":39,"column":9},"end":{"line":41,"column":9}}],"line":39},"11":{"loc":{"start":{"line":45,"column":12},"end":{"line":47,"column":13}},"type":"if","locations":[{"start":{"line":45,"column":12},"end":{"line":47,"column":13}},{"start":{"line":45,"column":12},"end":{"line":47,"column":13}}],"line":45},"12":{"loc":{"start":{"line":54,"column":8},"end":{"line":56,"column":9}},"type":"if","locations":[{"start":{"line":54,"column":8},"end":{"line":56,"column":9}},{"start":{"line":54,"column":8},"end":{"line":56,"column":9}}],"line":54},"13":{"loc":{"start":{"line":57,"column":9},"end":{"line":59,"column":9}},"type":"if","locations":[{"start":{"line":57,"column":9},"end":{"line":59,"column":9}},{"start":{"line":57,"column":9},"end":{"line":59,"column":9}}],"line":57},"14":{"loc":{"start":{"line":83,"column":12},"end":{"line":88,"column":13}},"type":"if","locations":[{"start":{"line":83,"column":12},"end":{"line":88,"column":13}},{"start":{"line":83,"column":12},"end":{"line":88,"column":13}}],"line":83},"15":{"loc":{"start":{"line":98,"column":12},"end":{"line":102,"column":13}},"type":"if","locations":[{"start":{"line":98,"column":12},"end":{"line":102,"column":13}},{"start":{"line":98,"column":12},"end":{"line":102,"column":13}}],"line":98}},"s":{"0":25,"1":0,"2":25,"3":0,"4":25,"5":25,"6":1,"7":8,"8":26,"9":2,"10":24,"11":2,"12":22,"13":6,"14":6,"15":16,"16":16,"17":2,"18":0,"19":2,"20":0,"21":2,"22":2,"23":6,"24":1,"25":5,"26":1,"27":5,"28":1,"29":4,"30":0,"31":4,"32":4,"33":4,"34":19,"35":19,"36":4,"37":1,"38":1,"39":3,"40":1,"41":1,"42":1,"43":1,"44":1,"45":1,"46":1,"47":1,"48":0,"49":1,"50":1,"51":1,"52":2,"53":1,"54":1,"55":1,"56":1},"f":{"0":25,"1":8,"2":26,"3":2,"4":5,"5":1,"6":1,"7":1},"b":{"0":[9],"1":[0,25],"2":[0,25],"3":[8],"4":[2,24],"5":[26,26],"6":[2,22],"7":[6,16],"8":[0,2],"9":[2,2],"10":[0,2],"11":[1,5],"12":[1,4],"13":[0,4],"14":[1,0],"15":[1,1]},"_coverageSchema":"332fd63041d2c1bcb487cc26dd0d5f7d97098a6c","hash":"463cf71ac02f22a1de557d112bf24ed6817d755b"}
}
