TN:
SF:/Users/jencarrigan/Documents/GitHub/data-structures-and-algorithms/code6/linked-list.js
FN:4,(anonymous_0)
FN:16,(anonymous_1)
FN:19,(anonymous_2)
FN:35,(anonymous_3)
FN:53,(anonymous_4)
FN:69,(anonymous_5)
FN:78,(anonymous_6)
FN:93,(anonymous_7)
FNF:8
FNH:8
FNDA:25,(anonymous_0)
FNDA:8,(anonymous_1)
FNDA:26,(anonymous_2)
FNDA:2,(anonymous_3)
FNDA:5,(anonymous_4)
FNDA:1,(anonymous_5)
FNDA:1,(anonymous_6)
FNDA:1,(anonymous_7)
DA:5,25
DA:6,0
DA:8,25
DA:9,0
DA:11,25
DA:12,25
DA:15,1
DA:17,8
DA:20,26
DA:21,2
DA:23,24
DA:24,2
DA:26,22
DA:27,6
DA:28,6
DA:31,16
DA:32,16
DA:36,2
DA:37,0
DA:39,2
DA:40,0
DA:43,2
DA:44,2
DA:45,6
DA:46,1
DA:49,5
DA:51,1
DA:54,5
DA:55,1
DA:57,4
DA:58,0
DA:60,4
DA:61,4
DA:62,4
DA:63,19
DA:64,19
DA:66,4
DA:70,1
DA:72,1
DA:73,3
DA:75,1
DA:79,1
DA:80,1
DA:82,1
DA:83,1
DA:85,1
DA:86,1
DA:87,1
DA:89,0
DA:94,1
DA:95,1
DA:97,1
DA:98,2
DA:99,1
DA:100,1
DA:101,1
DA:103,1
LF:57
LH:51
BRDA:4,0,0,9
BRDA:5,1,0,0
BRDA:5,1,1,25
BRDA:8,2,0,0
BRDA:8,2,1,25
BRDA:16,3,0,8
BRDA:20,4,0,2
BRDA:20,4,1,24
BRDA:20,5,0,26
BRDA:20,5,1,26
BRDA:23,6,0,2
BRDA:23,6,1,22
BRDA:26,7,0,6
BRDA:26,7,1,16
BRDA:36,8,0,0
BRDA:36,8,1,2
BRDA:36,9,0,2
BRDA:36,9,1,2
BRDA:39,10,0,0
BRDA:39,10,1,2
BRDA:45,11,0,1
BRDA:45,11,1,5
BRDA:54,12,0,1
BRDA:54,12,1,4
BRDA:57,13,0,0
BRDA:57,13,1,4
BRDA:83,14,0,1
BRDA:83,14,1,0
BRDA:98,15,0,1
BRDA:98,15,1,1
BRF:30
BRH:24
end_of_record
