{"/Users/jencarrigan/Documents/GitHub/data-structures-and-algorithms/code10/stacksAndQueues/stacks-and-queues.js": {"path":"/Users/jencarrigan/Documents/GitHub/data-structures-and-algorithms/code10/stacksAndQueues/stacks-and-queues.js","statementMap":{"0":{"start":{"line":5,"column":4},"end":{"line":7,"column":5}},"1":{"start":{"line":6,"column":6},"end":{"line":6,"column":61}},"2":{"start":{"line":8,"column":4},"end":{"line":8,"column":21}},"3":{"start":{"line":9,"column":4},"end":{"line":9,"column":21}},"4":{"start":{"line":15,"column":4},"end":{"line":15,"column":20}},"5":{"start":{"line":19,"column":4},"end":{"line":21,"column":5}},"6":{"start":{"line":20,"column":6},"end":{"line":20,"column":47}},"7":{"start":{"line":22,"column":4},"end":{"line":29,"column":5}},"8":{"start":{"line":23,"column":6},"end":{"line":23,"column":31}},"9":{"start":{"line":24,"column":6},"end":{"line":24,"column":18}},"10":{"start":{"line":27,"column":6},"end":{"line":27,"column":41}},"11":{"start":{"line":28,"column":6},"end":{"line":28,"column":18}},"12":{"start":{"line":33,"column":4},"end":{"line":35,"column":5}},"13":{"start":{"line":34,"column":6},"end":{"line":34,"column":52}},"14":{"start":{"line":36,"column":4},"end":{"line":38,"column":5}},"15":{"start":{"line":37,"column":6},"end":{"line":37,"column":38}},"16":{"start":{"line":40,"column":14},"end":{"line":40,"column":22}},"17":{"start":{"line":41,"column":4},"end":{"line":41,"column":29}},"18":{"start":{"line":42,"column":4},"end":{"line":42,"column":20}},"19":{"start":{"line":43,"column":4},"end":{"line":43,"column":15}},"20":{"start":{"line":47,"column":4},"end":{"line":49,"column":5}},"21":{"start":{"line":48,"column":6},"end":{"line":48,"column":52}},"22":{"start":{"line":50,"column":4},"end":{"line":52,"column":5}},"23":{"start":{"line":51,"column":6},"end":{"line":51,"column":38}},"24":{"start":{"line":53,"column":4},"end":{"line":53,"column":20}},"25":{"start":{"line":59,"column":4},"end":{"line":59,"column":22}},"26":{"start":{"line":60,"column":4},"end":{"line":60,"column":21}},"27":{"start":{"line":64,"column":4},"end":{"line":66,"column":5}},"28":{"start":{"line":65,"column":6},"end":{"line":65,"column":47}},"29":{"start":{"line":67,"column":4},"end":{"line":76,"column":5}},"30":{"start":{"line":68,"column":6},"end":{"line":68,"column":33}},"31":{"start":{"line":69,"column":6},"end":{"line":69,"column":29}},"32":{"start":{"line":70,"column":6},"end":{"line":70,"column":18}},"33":{"start":{"line":73,"column":6},"end":{"line":73,"column":37}},"34":{"start":{"line":74,"column":6},"end":{"line":74,"column":33}},"35":{"start":{"line":75,"column":6},"end":{"line":75,"column":18}},"36":{"start":{"line":80,"column":4},"end":{"line":82,"column":5}},"37":{"start":{"line":81,"column":6},"end":{"line":81,"column":52}},"38":{"start":{"line":83,"column":4},"end":{"line":85,"column":5}},"39":{"start":{"line":84,"column":6},"end":{"line":84,"column":38}},"40":{"start":{"line":86,"column":14},"end":{"line":86,"column":24}},"41":{"start":{"line":87,"column":4},"end":{"line":87,"column":33}},"42":{"start":{"line":88,"column":4},"end":{"line":88,"column":20}},"43":{"start":{"line":89,"column":4},"end":{"line":89,"column":15}},"44":{"start":{"line":93,"column":4},"end":{"line":95,"column":5}},"45":{"start":{"line":94,"column":6},"end":{"line":94,"column":52}},"46":{"start":{"line":96,"column":4},"end":{"line":98,"column":5}},"47":{"start":{"line":97,"column":6},"end":{"line":97,"column":38}},"48":{"start":{"line":99,"column":4},"end":{"line":99,"column":22}},"49":{"start":{"line":103,"column":0},"end":{"line":107,"column":2}}},"fnMap":{"0":{"name":"(anonymous_0)","decl":{"start":{"line":4,"column":2},"end":{"line":4,"column":3}},"loc":{"start":{"line":4,"column":33},"end":{"line":10,"column":3}},"line":4},"1":{"name":"(anonymous_1)","decl":{"start":{"line":14,"column":2},"end":{"line":14,"column":3}},"loc":{"start":{"line":14,"column":28},"end":{"line":16,"column":3}},"line":14},"2":{"name":"(anonymous_2)","decl":{"start":{"line":18,"column":2},"end":{"line":18,"column":3}},"loc":{"start":{"line":18,"column":12},"end":{"line":30,"column":3}},"line":18},"3":{"name":"(anonymous_3)","decl":{"start":{"line":32,"column":2},"end":{"line":32,"column":3}},"loc":{"start":{"line":32,"column":8},"end":{"line":44,"column":3}},"line":32},"4":{"name":"(anonymous_4)","decl":{"start":{"line":46,"column":2},"end":{"line":46,"column":3}},"loc":{"start":{"line":46,"column":9},"end":{"line":54,"column":3}},"line":46},"5":{"name":"(anonymous_5)","decl":{"start":{"line":58,"column":2},"end":{"line":58,"column":3}},"loc":{"start":{"line":58,"column":28},"end":{"line":61,"column":3}},"line":58},"6":{"name":"(anonymous_6)","decl":{"start":{"line":63,"column":2},"end":{"line":63,"column":3}},"loc":{"start":{"line":63,"column":15},"end":{"line":77,"column":3}},"line":63},"7":{"name":"(anonymous_7)","decl":{"start":{"line":79,"column":2},"end":{"line":79,"column":3}},"loc":{"start":{"line":79,"column":12},"end":{"line":90,"column":3}},"line":79},"8":{"name":"(anonymous_8)","decl":{"start":{"line":92,"column":2},"end":{"line":92,"column":3}},"loc":{"start":{"line":92,"column":9},"end":{"line":100,"column":3}},"line":92}},"branchMap":{"0":{"loc":{"start":{"line":4,"column":20},"end":{"line":4,"column":31}},"type":"default-arg","locations":[{"start":{"line":4,"column":27},"end":{"line":4,"column":31}}],"line":4},"1":{"loc":{"start":{"line":5,"column":4},"end":{"line":7,"column":5}},"type":"if","locations":[{"start":{"line":5,"column":4},"end":{"line":7,"column":5}},{"start":{"line":5,"column":4},"end":{"line":7,"column":5}}],"line":5},"2":{"loc":{"start":{"line":14,"column":15},"end":{"line":14,"column":26}},"type":"default-arg","locations":[{"start":{"line":14,"column":22},"end":{"line":14,"column":26}}],"line":14},"3":{"loc":{"start":{"line":19,"column":4},"end":{"line":21,"column":5}},"type":"if","locations":[{"start":{"line":19,"column":4},"end":{"line":21,"column":5}},{"start":{"line":19,"column":4},"end":{"line":21,"column":5}}],"line":19},"4":{"loc":{"start":{"line":19,"column":8},"end":{"line":19,"column":41}},"type":"binary-expr","locations":[{"start":{"line":19,"column":8},"end":{"line":19,"column":20}},{"start":{"line":19,"column":24},"end":{"line":19,"column":41}}],"line":19},"5":{"loc":{"start":{"line":22,"column":4},"end":{"line":29,"column":5}},"type":"if","locations":[{"start":{"line":22,"column":4},"end":{"line":29,"column":5}},{"start":{"line":22,"column":4},"end":{"line":29,"column":5}}],"line":22},"6":{"loc":{"start":{"line":33,"column":4},"end":{"line":35,"column":5}},"type":"if","locations":[{"start":{"line":33,"column":4},"end":{"line":35,"column":5}},{"start":{"line":33,"column":4},"end":{"line":35,"column":5}}],"line":33},"7":{"loc":{"start":{"line":36,"column":4},"end":{"line":38,"column":5}},"type":"if","locations":[{"start":{"line":36,"column":4},"end":{"line":38,"column":5}},{"start":{"line":36,"column":4},"end":{"line":38,"column":5}}],"line":36},"8":{"loc":{"start":{"line":47,"column":4},"end":{"line":49,"column":5}},"type":"if","locations":[{"start":{"line":47,"column":4},"end":{"line":49,"column":5}},{"start":{"line":47,"column":4},"end":{"line":49,"column":5}}],"line":47},"9":{"loc":{"start":{"line":50,"column":4},"end":{"line":52,"column":5}},"type":"if","locations":[{"start":{"line":50,"column":4},"end":{"line":52,"column":5}},{"start":{"line":50,"column":4},"end":{"line":52,"column":5}}],"line":50},"10":{"loc":{"start":{"line":58,"column":15},"end":{"line":58,"column":26}},"type":"default-arg","locations":[{"start":{"line":58,"column":22},"end":{"line":58,"column":26}}],"line":58},"11":{"loc":{"start":{"line":64,"column":4},"end":{"line":66,"column":5}},"type":"if","locations":[{"start":{"line":64,"column":4},"end":{"line":66,"column":5}},{"start":{"line":64,"column":4},"end":{"line":66,"column":5}}],"line":64},"12":{"loc":{"start":{"line":64,"column":8},"end":{"line":64,"column":41}},"type":"binary-expr","locations":[{"start":{"line":64,"column":8},"end":{"line":64,"column":20}},{"start":{"line":64,"column":24},"end":{"line":64,"column":41}}],"line":64},"13":{"loc":{"start":{"line":67,"column":4},"end":{"line":76,"column":5}},"type":"if","locations":[{"start":{"line":67,"column":4},"end":{"line":76,"column":5}},{"start":{"line":67,"column":4},"end":{"line":76,"column":5}}],"line":67},"14":{"loc":{"start":{"line":80,"column":4},"end":{"line":82,"column":5}},"type":"if","locations":[{"start":{"line":80,"column":4},"end":{"line":82,"column":5}},{"start":{"line":80,"column":4},"end":{"line":82,"column":5}}],"line":80},"15":{"loc":{"start":{"line":83,"column":4},"end":{"line":85,"column":5}},"type":"if","locations":[{"start":{"line":83,"column":4},"end":{"line":85,"column":5}},{"start":{"line":83,"column":4},"end":{"line":85,"column":5}}],"line":83},"16":{"loc":{"start":{"line":93,"column":4},"end":{"line":95,"column":5}},"type":"if","locations":[{"start":{"line":93,"column":4},"end":{"line":95,"column":5}},{"start":{"line":93,"column":4},"end":{"line":95,"column":5}}],"line":93},"17":{"loc":{"start":{"line":96,"column":4},"end":{"line":98,"column":5}},"type":"if","locations":[{"start":{"line":96,"column":4},"end":{"line":98,"column":5}},{"start":{"line":96,"column":4},"end":{"line":98,"column":5}}],"line":96}},"s":{"0":26,"1":0,"2":26,"3":26,"4":11,"5":14,"6":2,"7":12,"8":6,"9":6,"10":6,"11":6,"12":3,"13":1,"14":2,"15":1,"16":1,"17":1,"18":1,"19":1,"20":3,"21":1,"22":2,"23":1,"24":1,"25":8,"26":8,"27":11,"28":0,"29":11,"30":5,"31":5,"32":5,"33":6,"34":6,"35":6,"36":5,"37":2,"38":3,"39":0,"40":3,"41":3,"42":1,"43":1,"44":1,"45":0,"46":1,"47":0,"48":1,"49":1},"f":{"0":26,"1":11,"2":14,"3":3,"4":3,"5":8,"6":11,"7":5,"8":1},"b":{"0":[19],"1":[0,26],"2":[11],"3":[2,12],"4":[14,14],"5":[6,6],"6":[1,2],"7":[1,1],"8":[1,2],"9":[1,1],"10":[8],"11":[0,11],"12":[11,11],"13":[5,6],"14":[2,3],"15":[0,3],"16":[0,1],"17":[0,1]},"_coverageSchema":"332fd63041d2c1bcb487cc26dd0d5f7d97098a6c","hash":"f5f394bbb6534f3e5a5e00af1bb1fbee213756de"}
}
