TN:
SF:/Users/jencarrigan/Documents/GitHub/data-structures-and-algorithms/code10/stacksAndQueues/stacks-and-queues.js
FN:4,(anonymous_0)
FN:14,(anonymous_1)
FN:18,(anonymous_2)
FN:32,(anonymous_3)
FN:46,(anonymous_4)
FN:58,(anonymous_5)
FN:63,(anonymous_6)
FN:79,(anonymous_7)
FN:92,(anonymous_8)
FNF:9
FNH:9
FNDA:26,(anonymous_0)
FNDA:11,(anonymous_1)
FNDA:14,(anonymous_2)
FNDA:3,(anonymous_3)
FNDA:3,(anonymous_4)
FNDA:8,(anonymous_5)
FNDA:11,(anonymous_6)
FNDA:5,(anonymous_7)
FNDA:1,(anonymous_8)
DA:5,26
DA:6,0
DA:8,26
DA:9,26
DA:15,11
DA:19,14
DA:20,2
DA:22,12
DA:23,6
DA:24,6
DA:27,6
DA:28,6
DA:33,3
DA:34,1
DA:36,2
DA:37,1
DA:40,1
DA:41,1
DA:42,1
DA:43,1
DA:47,3
DA:48,1
DA:50,2
DA:51,1
DA:53,1
DA:59,8
DA:60,8
DA:64,11
DA:65,0
DA:67,11
DA:68,5
DA:69,5
DA:70,5
DA:73,6
DA:74,6
DA:75,6
DA:80,5
DA:81,2
DA:83,3
DA:84,0
DA:86,3
DA:87,3
DA:88,1
DA:89,1
DA:93,1
DA:94,0
DA:96,1
DA:97,0
DA:99,1
DA:103,1
LF:50
LH:45
BRDA:4,0,0,19
BRDA:5,1,0,0
BRDA:5,1,1,26
BRDA:14,2,0,11
BRDA:19,3,0,2
BRDA:19,3,1,12
BRDA:19,4,0,14
BRDA:19,4,1,14
BRDA:22,5,0,6
BRDA:22,5,1,6
BRDA:33,6,0,1
BRDA:33,6,1,2
BRDA:36,7,0,1
BRDA:36,7,1,1
BRDA:47,8,0,1
BRDA:47,8,1,2
BRDA:50,9,0,1
BRDA:50,9,1,1
BRDA:58,10,0,8
BRDA:64,11,0,0
BRDA:64,11,1,11
BRDA:64,12,0,11
BRDA:64,12,1,11
BRDA:67,13,0,5
BRDA:67,13,1,6
BRDA:80,14,0,2
BRDA:80,14,1,3
BRDA:83,15,0,0
BRDA:83,15,1,3
BRDA:93,16,0,0
BRDA:93,16,1,1
BRDA:96,17,0,0
BRDA:96,17,1,1
BRF:33
BRH:28
end_of_record
