<?xml version="1.0" encoding="UTF-8"?>
<coverage generated="1539993446706" clover="3.2.0">
  <project timestamp="1539993446706" name="All files">
    <metrics statements="39" coveredstatements="34" conditionals="26" coveredconditionals="21" methods="5" coveredmethods="5" elements="70" coveredelements="60" complexity="0" loc="39" ncloc="39" packages="1" files="1" classes="1">
      <file name="linked-list.js" path="/Users/jencarrigan/Documents/GitHub/data-structures-and-algorithms/code4/linked-list/linked-list.js">
        <metrics statements="39" coveredstatements="34" conditionals="26" coveredconditionals="21" methods="5" coveredmethods="5"/>
        <line num="5" count="10" type="cond" truecount="1" falsecount="1"/>
        <line num="6" count="0" type="stmt"/>
        <line num="9" count="10" type="cond" truecount="1" falsecount="1"/>
        <line num="10" count="0" type="stmt"/>
        <line num="13" count="10" type="stmt"/>
        <line num="14" count="10" type="stmt"/>
        <line num="18" count="1" type="stmt"/>
        <line num="20" count="5" type="stmt"/>
        <line num="24" count="14" type="cond" truecount="4" falsecount="0"/>
        <line num="25" count="2" type="stmt"/>
        <line num="28" count="12" type="cond" truecount="2" falsecount="0"/>
        <line num="29" count="2" type="stmt"/>
        <line num="32" count="10" type="cond" truecount="2" falsecount="0"/>
        <line num="33" count="3" type="stmt"/>
        <line num="34" count="3" type="stmt"/>
        <line num="35" count="3" type="stmt"/>
        <line num="38" count="7" type="stmt"/>
        <line num="39" count="7" type="stmt"/>
        <line num="40" count="7" type="stmt"/>
        <line num="45" count="2" type="cond" truecount="3" falsecount="1"/>
        <line num="46" count="0" type="stmt"/>
        <line num="49" count="2" type="cond" truecount="1" falsecount="1"/>
        <line num="50" count="0" type="stmt"/>
        <line num="53" count="2" type="stmt"/>
        <line num="54" count="2" type="stmt"/>
        <line num="55" count="6" type="cond" truecount="2" falsecount="0"/>
        <line num="56" count="1" type="stmt"/>
        <line num="59" count="5" type="stmt"/>
        <line num="61" count="1" type="stmt"/>
        <line num="65" count="2" type="cond" truecount="2" falsecount="0"/>
        <line num="66" count="1" type="stmt"/>
        <line num="69" count="1" type="cond" truecount="1" falsecount="1"/>
        <line num="70" count="0" type="stmt"/>
        <line num="73" count="1" type="stmt"/>
        <line num="74" count="1" type="stmt"/>
        <line num="75" count="1" type="stmt"/>
        <line num="76" count="4" type="stmt"/>
        <line num="77" count="4" type="stmt"/>
        <line num="79" count="1" type="stmt"/>
      </file>
    </metrics>
  </project>
</coverage>
