{"/Users/jencarrigan/Documents/GitHub/data-structures-and-algorithms/code4/linked-list/linked-list.js": {"path":"/Users/jencarrigan/Documents/GitHub/data-structures-and-algorithms/code4/linked-list/linked-list.js","statementMap":{"0":{"start":{"line":5,"column":8},"end":{"line":7,"column":9}},"1":{"start":{"line":6,"column":12},"end":{"line":6,"column":67}},"2":{"start":{"line":9,"column":8},"end":{"line":11,"column":9}},"3":{"start":{"line":10,"column":12},"end":{"line":10,"column":72}},"4":{"start":{"line":13,"column":8},"end":{"line":13,"column":25}},"5":{"start":{"line":14,"column":8},"end":{"line":14,"column":25}},"6":{"start":{"line":18,"column":0},"end":{"line":81,"column":1}},"7":{"start":{"line":20,"column":8},"end":{"line":20,"column":25}},"8":{"start":{"line":24,"column":8},"end":{"line":26,"column":9}},"9":{"start":{"line":25,"column":12},"end":{"line":25,"column":53}},"10":{"start":{"line":28,"column":8},"end":{"line":30,"column":9}},"11":{"start":{"line":29,"column":12},"end":{"line":29,"column":72}},"12":{"start":{"line":32,"column":8},"end":{"line":41,"column":9}},"13":{"start":{"line":33,"column":26},"end":{"line":33,"column":39}},"14":{"start":{"line":34,"column":12},"end":{"line":34,"column":32}},"15":{"start":{"line":35,"column":12},"end":{"line":35,"column":24}},"16":{"start":{"line":38,"column":26},"end":{"line":38,"column":50}},"17":{"start":{"line":39,"column":12},"end":{"line":39,"column":32}},"18":{"start":{"line":40,"column":12},"end":{"line":40,"column":24}},"19":{"start":{"line":45,"column":8},"end":{"line":47,"column":9}},"20":{"start":{"line":46,"column":12},"end":{"line":46,"column":53}},"21":{"start":{"line":49,"column":8},"end":{"line":51,"column":9}},"22":{"start":{"line":50,"column":12},"end":{"line":50,"column":72}},"23":{"start":{"line":53,"column":22},"end":{"line":53,"column":31}},"24":{"start":{"line":54,"column":8},"end":{"line":60,"column":9}},"25":{"start":{"line":55,"column":12},"end":{"line":57,"column":13}},"26":{"start":{"line":56,"column":16},"end":{"line":56,"column":28}},"27":{"start":{"line":59,"column":12},"end":{"line":59,"column":35}},"28":{"start":{"line":61,"column":8},"end":{"line":61,"column":21}},"29":{"start":{"line":65,"column":8},"end":{"line":67,"column":9}},"30":{"start":{"line":66,"column":12},"end":{"line":66,"column":48}},"31":{"start":{"line":69,"column":8},"end":{"line":71,"column":9}},"32":{"start":{"line":70,"column":12},"end":{"line":70,"column":74}},"33":{"start":{"line":73,"column":22},"end":{"line":73,"column":31}},"34":{"start":{"line":74,"column":18},"end":{"line":74,"column":20}},"35":{"start":{"line":75,"column":8},"end":{"line":78,"column":9}},"36":{"start":{"line":76,"column":12},"end":{"line":76,"column":36}},"37":{"start":{"line":77,"column":12},"end":{"line":77,"column":35}},"38":{"start":{"line":79,"column":8},"end":{"line":79,"column":30}}},"fnMap":{"0":{"name":"(anonymous_0)","decl":{"start":{"line":4,"column":4},"end":{"line":4,"column":5}},"loc":{"start":{"line":4,"column":35},"end":{"line":15,"column":5}},"line":4},"1":{"name":"(anonymous_1)","decl":{"start":{"line":19,"column":4},"end":{"line":19,"column":5}},"loc":{"start":{"line":19,"column":30},"end":{"line":21,"column":5}},"line":19},"2":{"name":"(anonymous_2)","decl":{"start":{"line":23,"column":4},"end":{"line":23,"column":5}},"loc":{"start":{"line":23,"column":16},"end":{"line":42,"column":5}},"line":23},"3":{"name":"(anonymous_3)","decl":{"start":{"line":44,"column":4},"end":{"line":44,"column":5}},"loc":{"start":{"line":44,"column":18},"end":{"line":62,"column":5}},"line":44},"4":{"name":"(anonymous_4)","decl":{"start":{"line":64,"column":4},"end":{"line":64,"column":5}},"loc":{"start":{"line":64,"column":12},"end":{"line":80,"column":5}},"line":64}},"branchMap":{"0":{"loc":{"start":{"line":4,"column":22},"end":{"line":4,"column":33}},"type":"default-arg","locations":[{"start":{"line":4,"column":29},"end":{"line":4,"column":33}}],"line":4},"1":{"loc":{"start":{"line":5,"column":8},"end":{"line":7,"column":9}},"type":"if","locations":[{"start":{"line":5,"column":8},"end":{"line":7,"column":9}},{"start":{"line":5,"column":8},"end":{"line":7,"column":9}}],"line":5},"2":{"loc":{"start":{"line":9,"column":8},"end":{"line":11,"column":9}},"type":"if","locations":[{"start":{"line":9,"column":8},"end":{"line":11,"column":9}},{"start":{"line":9,"column":8},"end":{"line":11,"column":9}}],"line":9},"3":{"loc":{"start":{"line":19,"column":17},"end":{"line":19,"column":28}},"type":"default-arg","locations":[{"start":{"line":19,"column":24},"end":{"line":19,"column":28}}],"line":19},"4":{"loc":{"start":{"line":24,"column":8},"end":{"line":26,"column":9}},"type":"if","locations":[{"start":{"line":24,"column":8},"end":{"line":26,"column":9}},{"start":{"line":24,"column":8},"end":{"line":26,"column":9}}],"line":24},"5":{"loc":{"start":{"line":24,"column":12},"end":{"line":24,"column":45}},"type":"binary-expr","locations":[{"start":{"line":24,"column":12},"end":{"line":24,"column":24}},{"start":{"line":24,"column":28},"end":{"line":24,"column":45}}],"line":24},"6":{"loc":{"start":{"line":28,"column":8},"end":{"line":30,"column":9}},"type":"if","locations":[{"start":{"line":28,"column":8},"end":{"line":30,"column":9}},{"start":{"line":28,"column":8},"end":{"line":30,"column":9}}],"line":28},"7":{"loc":{"start":{"line":32,"column":8},"end":{"line":41,"column":9}},"type":"if","locations":[{"start":{"line":32,"column":8},"end":{"line":41,"column":9}},{"start":{"line":32,"column":8},"end":{"line":41,"column":9}}],"line":32},"8":{"loc":{"start":{"line":45,"column":8},"end":{"line":47,"column":9}},"type":"if","locations":[{"start":{"line":45,"column":8},"end":{"line":47,"column":9}},{"start":{"line":45,"column":8},"end":{"line":47,"column":9}}],"line":45},"9":{"loc":{"start":{"line":45,"column":12},"end":{"line":45,"column":45}},"type":"binary-expr","locations":[{"start":{"line":45,"column":12},"end":{"line":45,"column":24}},{"start":{"line":45,"column":28},"end":{"line":45,"column":45}}],"line":45},"10":{"loc":{"start":{"line":49,"column":8},"end":{"line":51,"column":9}},"type":"if","locations":[{"start":{"line":49,"column":8},"end":{"line":51,"column":9}},{"start":{"line":49,"column":8},"end":{"line":51,"column":9}}],"line":49},"11":{"loc":{"start":{"line":55,"column":12},"end":{"line":57,"column":13}},"type":"if","locations":[{"start":{"line":55,"column":12},"end":{"line":57,"column":13}},{"start":{"line":55,"column":12},"end":{"line":57,"column":13}}],"line":55},"12":{"loc":{"start":{"line":65,"column":8},"end":{"line":67,"column":9}},"type":"if","locations":[{"start":{"line":65,"column":8},"end":{"line":67,"column":9}},{"start":{"line":65,"column":8},"end":{"line":67,"column":9}}],"line":65},"13":{"loc":{"start":{"line":69,"column":8},"end":{"line":71,"column":9}},"type":"if","locations":[{"start":{"line":69,"column":8},"end":{"line":71,"column":9}},{"start":{"line":69,"column":8},"end":{"line":71,"column":9}}],"line":69}},"s":{"0":10,"1":0,"2":10,"3":0,"4":10,"5":10,"6":1,"7":5,"8":14,"9":2,"10":12,"11":2,"12":10,"13":3,"14":3,"15":3,"16":7,"17":7,"18":7,"19":2,"20":0,"21":2,"22":0,"23":2,"24":2,"25":6,"26":1,"27":5,"28":1,"29":2,"30":1,"31":1,"32":0,"33":1,"34":1,"35":1,"36":4,"37":4,"38":1},"f":{"0":10,"1":5,"2":14,"3":2,"4":2},"b":{"0":[3],"1":[0,10],"2":[0,10],"3":[5],"4":[2,12],"5":[14,14],"6":[2,10],"7":[3,7],"8":[0,2],"9":[2,2],"10":[0,2],"11":[1,5],"12":[1,1],"13":[0,1]},"_coverageSchema":"332fd63041d2c1bcb487cc26dd0d5f7d97098a6c","hash":"c412988af142667fba212e8568a9aef3000e7def"}
}
