TN:
SF:/Users/jencarrigan/Documents/GitHub/data-structures-and-algorithms/code4/linked-list/linked-list.js
FN:4,(anonymous_0)
FN:19,(anonymous_1)
FN:23,(anonymous_2)
FN:44,(anonymous_3)
FN:64,(anonymous_4)
FNF:5
FNH:5
FNDA:10,(anonymous_0)
FNDA:5,(anonymous_1)
FNDA:14,(anonymous_2)
FNDA:2,(anonymous_3)
FNDA:2,(anonymous_4)
DA:5,10
DA:6,0
DA:9,10
DA:10,0
DA:13,10
DA:14,10
DA:18,1
DA:20,5
DA:24,14
DA:25,2
DA:28,12
DA:29,2
DA:32,10
DA:33,3
DA:34,3
DA:35,3
DA:38,7
DA:39,7
DA:40,7
DA:45,2
DA:46,0
DA:49,2
DA:50,0
DA:53,2
DA:54,2
DA:55,6
DA:56,1
DA:59,5
DA:61,1
DA:65,2
DA:66,1
DA:69,1
DA:70,0
DA:73,1
DA:74,1
DA:75,1
DA:76,4
DA:77,4
DA:79,1
LF:39
LH:34
BRDA:4,0,0,3
BRDA:5,1,0,0
BRDA:5,1,1,10
BRDA:9,2,0,0
BRDA:9,2,1,10
BRDA:19,3,0,5
BRDA:24,4,0,2
BRDA:24,4,1,12
BRDA:24,5,0,14
BRDA:24,5,1,14
BRDA:28,6,0,2
BRDA:28,6,1,10
BRDA:32,7,0,3
BRDA:32,7,1,7
BRDA:45,8,0,0
BRDA:45,8,1,2
BRDA:45,9,0,2
BRDA:45,9,1,2
BRDA:49,10,0,0
BRDA:49,10,1,2
BRDA:55,11,0,1
BRDA:55,11,1,5
BRDA:65,12,0,1
BRDA:65,12,1,1
BRDA:69,13,0,0
BRDA:69,13,1,1
BRF:26
BRH:21
end_of_record
