TN:
SF:/Users/jencarrigan/Documents/GitHub/data-structures-and-algorithms/dupWord/repeated-word.js
FN:5,(anonymous_0)
FN:10,(anonymous_1)
FN:11,(anonymous_2)
FN:14,(anonymous_3)
FN:28,(anonymous_4)
FN:38,(anonymous_5)
FN:43,(anonymous_6)
FN:47,(anonymous_7)
FN:53,(anonymous_8)
FN:57,(anonymous_9)
FN:65,(anonymous_10)
FN:69,(anonymous_11)
FN:92,(anonymous_12)
FNF:13
FNH:7
FNDA:2,(anonymous_0)
FNDA:18,(anonymous_1)
FNDA:49,(anonymous_2)
FNDA:8,(anonymous_3)
FNDA:0,(anonymous_4)
FNDA:0,(anonymous_5)
FNDA:0,(anonymous_6)
FNDA:10,(anonymous_7)
FNDA:1,(anonymous_8)
FNDA:0,(anonymous_9)
FNDA:0,(anonymous_10)
FNDA:0,(anonymous_11)
FNDA:3,(anonymous_12)
DA:6,2
DA:7,2
DA:11,49
DA:15,8
DA:16,0
DA:19,8
DA:21,8
DA:22,8
DA:25,8
DA:29,0
DA:30,0
DA:31,0
DA:32,0
DA:35,0
DA:39,0
DA:40,0
DA:41,0
DA:43,0
DA:44,0
DA:48,10
DA:49,10
DA:50,9
DA:53,1
DA:58,0
DA:59,0
DA:60,0
DA:62,0
DA:66,0
DA:70,0
DA:71,0
DA:75,0
DA:79,0
DA:80,0
DA:81,0
DA:82,0
DA:83,0
DA:87,0
DA:92,1
DA:93,3
DA:94,1
DA:107,2
DA:108,2
DA:109,2
DA:110,36
DA:111,10
DA:112,1
DA:113,9
DA:114,8
DA:115,8
DA:118,26
DA:121,1
DA:124,1
LF:52
LH:27
BRDA:15,0,0,0
BRDA:15,0,1,8
BRDA:21,1,0,8
BRDA:21,1,1,0
BRDA:31,2,0,0
BRDA:31,2,1,0
BRDA:40,3,0,0
BRDA:40,3,1,0
BRDA:49,4,0,9
BRDA:49,4,1,1
BRDA:59,5,0,0
BRDA:59,5,1,0
BRDA:70,6,0,0
BRDA:70,6,1,0
BRDA:75,7,0,0
BRDA:75,7,1,0
BRDA:93,8,0,1
BRDA:93,8,1,2
BRDA:110,9,0,10
BRDA:110,9,1,26
BRDA:110,10,0,36
BRDA:110,10,1,29
BRDA:110,10,2,28
BRDA:111,11,0,1
BRDA:111,11,1,9
BRDA:113,12,0,8
BRDA:113,12,1,1
BRF:27
BRH:15
end_of_record
