{"/Users/jencarrigan/Documents/GitHub/data-structures-and-algorithms/code18/find-max-tree.js": {"path":"/Users/jencarrigan/Documents/GitHub/data-structures-and-algorithms/code18/find-max-tree.js","statementMap":{"0":{"start":{"line":3,"column":4},"end":{"line":3,"column":21}},"1":{"start":{"line":4,"column":4},"end":{"line":4,"column":21}},"2":{"start":{"line":5,"column":4},"end":{"line":5,"column":23}},"3":{"start":{"line":6,"column":4},"end":{"line":6,"column":21}},"4":{"start":{"line":12,"column":4},"end":{"line":12,"column":22}},"5":{"start":{"line":13,"column":4},"end":{"line":13,"column":21}},"6":{"start":{"line":16,"column":4},"end":{"line":25,"column":5}},"7":{"start":{"line":17,"column":6},"end":{"line":17,"column":24}},"8":{"start":{"line":18,"column":6},"end":{"line":18,"column":29}},"9":{"start":{"line":19,"column":6},"end":{"line":19,"column":18}},"10":{"start":{"line":22,"column":6},"end":{"line":22,"column":28}},"11":{"start":{"line":23,"column":6},"end":{"line":23,"column":33}},"12":{"start":{"line":24,"column":6},"end":{"line":24,"column":18}},"13":{"start":{"line":28,"column":4},"end":{"line":30,"column":5}},"14":{"start":{"line":29,"column":6},"end":{"line":29,"column":52}},"15":{"start":{"line":31,"column":14},"end":{"line":31,"column":24}},"16":{"start":{"line":32,"column":4},"end":{"line":32,"column":33}},"17":{"start":{"line":33,"column":4},"end":{"line":33,"column":20}},"18":{"start":{"line":34,"column":4},"end":{"line":34,"column":15}},"19":{"start":{"line":40,"column":4},"end":{"line":40,"column":21}},"20":{"start":{"line":44,"column":4},"end":{"line":44,"column":30}},"21":{"start":{"line":44,"column":21},"end":{"line":44,"column":28}},"22":{"start":{"line":46,"column":18},"end":{"line":46,"column":27}},"23":{"start":{"line":47,"column":14},"end":{"line":47,"column":29}},"24":{"start":{"line":48,"column":12},"end":{"line":48,"column":30}},"25":{"start":{"line":49,"column":4},"end":{"line":49,"column":32}},"26":{"start":{"line":51,"column":4},"end":{"line":58,"column":5}},"27":{"start":{"line":52,"column":6},"end":{"line":52,"column":52}},"28":{"start":{"line":52,"column":26},"end":{"line":52,"column":50}},"29":{"start":{"line":53,"column":6},"end":{"line":53,"column":54}},"30":{"start":{"line":53,"column":27},"end":{"line":53,"column":52}},"31":{"start":{"line":54,"column":18},"end":{"line":54,"column":29}},"32":{"start":{"line":55,"column":6},"end":{"line":55,"column":31}},"33":{"start":{"line":56,"column":6},"end":{"line":56,"column":51}},"34":{"start":{"line":56,"column":31},"end":{"line":56,"column":49}},"35":{"start":{"line":57,"column":6},"end":{"line":57,"column":24}},"36":{"start":{"line":60,"column":4},"end":{"line":60,"column":15}},"37":{"start":{"line":64,"column":0},"end":{"line":68,"column":2}}},"fnMap":{"0":{"name":"(anonymous_0)","decl":{"start":{"line":2,"column":2},"end":{"line":2,"column":3}},"loc":{"start":{"line":2,"column":59},"end":{"line":7,"column":3}},"line":2},"1":{"name":"(anonymous_1)","decl":{"start":{"line":11,"column":2},"end":{"line":11,"column":3}},"loc":{"start":{"line":11,"column":27},"end":{"line":14,"column":3}},"line":11},"2":{"name":"(anonymous_2)","decl":{"start":{"line":15,"column":2},"end":{"line":15,"column":3}},"loc":{"start":{"line":15,"column":16},"end":{"line":26,"column":3}},"line":15},"3":{"name":"(anonymous_3)","decl":{"start":{"line":27,"column":2},"end":{"line":27,"column":3}},"loc":{"start":{"line":27,"column":12},"end":{"line":35,"column":3}},"line":27},"4":{"name":"(anonymous_4)","decl":{"start":{"line":39,"column":2},"end":{"line":39,"column":3}},"loc":{"start":{"line":39,"column":27},"end":{"line":41,"column":3}},"line":39},"5":{"name":"(anonymous_5)","decl":{"start":{"line":43,"column":2},"end":{"line":43,"column":3}},"loc":{"start":{"line":43,"column":12},"end":{"line":61,"column":3}},"line":43}},"branchMap":{"0":{"loc":{"start":{"line":2,"column":19},"end":{"line":2,"column":30}},"type":"default-arg","locations":[{"start":{"line":2,"column":26},"end":{"line":2,"column":30}}],"line":2},"1":{"loc":{"start":{"line":2,"column":32},"end":{"line":2,"column":44}},"type":"default-arg","locations":[{"start":{"line":2,"column":40},"end":{"line":2,"column":44}}],"line":2},"2":{"loc":{"start":{"line":2,"column":46},"end":{"line":2,"column":57}},"type":"default-arg","locations":[{"start":{"line":2,"column":53},"end":{"line":2,"column":57}}],"line":2},"3":{"loc":{"start":{"line":11,"column":14},"end":{"line":11,"column":25}},"type":"default-arg","locations":[{"start":{"line":11,"column":21},"end":{"line":11,"column":25}}],"line":11},"4":{"loc":{"start":{"line":16,"column":4},"end":{"line":25,"column":5}},"type":"if","locations":[{"start":{"line":16,"column":4},"end":{"line":25,"column":5}},{"start":{"line":16,"column":4},"end":{"line":25,"column":5}}],"line":16},"5":{"loc":{"start":{"line":28,"column":4},"end":{"line":30,"column":5}},"type":"if","locations":[{"start":{"line":28,"column":4},"end":{"line":30,"column":5}},{"start":{"line":28,"column":4},"end":{"line":30,"column":5}}],"line":28},"6":{"loc":{"start":{"line":39,"column":14},"end":{"line":39,"column":25}},"type":"default-arg","locations":[{"start":{"line":39,"column":21},"end":{"line":39,"column":25}}],"line":39},"7":{"loc":{"start":{"line":44,"column":4},"end":{"line":44,"column":30}},"type":"if","locations":[{"start":{"line":44,"column":4},"end":{"line":44,"column":30}},{"start":{"line":44,"column":4},"end":{"line":44,"column":30}}],"line":44},"8":{"loc":{"start":{"line":52,"column":6},"end":{"line":52,"column":52}},"type":"if","locations":[{"start":{"line":52,"column":6},"end":{"line":52,"column":52}},{"start":{"line":52,"column":6},"end":{"line":52,"column":52}}],"line":52},"9":{"loc":{"start":{"line":53,"column":6},"end":{"line":53,"column":54}},"type":"if","locations":[{"start":{"line":53,"column":6},"end":{"line":53,"column":54}},{"start":{"line":53,"column":6},"end":{"line":53,"column":54}}],"line":53},"10":{"loc":{"start":{"line":56,"column":6},"end":{"line":56,"column":51}},"type":"if","locations":[{"start":{"line":56,"column":6},"end":{"line":56,"column":51}},{"start":{"line":56,"column":6},"end":{"line":56,"column":51}}],"line":56}},"s":{"0":13,"1":13,"2":13,"3":13,"4":1,"5":1,"6":8,"7":0,"8":0,"9":0,"10":8,"11":8,"12":8,"13":9,"14":0,"15":9,"16":9,"17":9,"18":9,"19":1,"20":1,"21":0,"22":1,"23":1,"24":1,"25":1,"26":1,"27":9,"28":3,"29":9,"30":5,"31":9,"32":9,"33":9,"34":3,"35":9,"36":1,"37":1},"f":{"0":13,"1":1,"2":8,"3":9,"4":1,"5":1},"b":{"0":[7],"1":[7],"2":[13],"3":[0],"4":[0,8],"5":[0,9],"6":[0],"7":[0,1],"8":[3,6],"9":[5,4],"10":[3,6]},"_coverageSchema":"332fd63041d2c1bcb487cc26dd0d5f7d97098a6c","hash":"882aafc6f3736d31bd28ca7f9d5a48a785db4209"}
}
