TN:
SF:/Users/jencarrigan/Documents/GitHub/data-structures-and-algorithms/code18/find-max-tree.js
FN:2,(anonymous_0)
FN:11,(anonymous_1)
FN:15,(anonymous_2)
FN:27,(anonymous_3)
FN:39,(anonymous_4)
FN:43,(anonymous_5)
FNF:6
FNH:6
FNDA:13,(anonymous_0)
FNDA:1,(anonymous_1)
FNDA:8,(anonymous_2)
FNDA:9,(anonymous_3)
FNDA:1,(anonymous_4)
FNDA:1,(anonymous_5)
DA:3,13
DA:4,13
DA:5,13
DA:6,13
DA:12,1
DA:13,1
DA:16,8
DA:17,0
DA:18,0
DA:19,0
DA:22,8
DA:23,8
DA:24,8
DA:28,9
DA:29,0
DA:31,9
DA:32,9
DA:33,9
DA:34,9
DA:40,1
DA:44,1
DA:46,1
DA:47,1
DA:48,1
DA:49,1
DA:51,1
DA:52,9
DA:53,9
DA:54,9
DA:55,9
DA:56,9
DA:57,9
DA:60,1
DA:64,1
LF:34
LH:30
BRDA:2,0,0,7
BRDA:2,1,0,7
BRDA:2,2,0,13
BRDA:11,3,0,0
BRDA:16,4,0,0
BRDA:16,4,1,8
BRDA:28,5,0,0
BRDA:28,5,1,9
BRDA:39,6,0,0
BRDA:44,7,0,0
BRDA:44,7,1,1
BRDA:52,8,0,3
BRDA:52,8,1,6
BRDA:53,9,0,5
BRDA:53,9,1,4
BRDA:56,10,0,3
BRDA:56,10,1,6
BRF:17
BRH:12
end_of_record
