TN:
SF:/Users/jencarrigan/Documents/GitHub/data-structures-and-algorithms/hash/hashtable.js
FN:5,(anonymous_0)
FN:10,(anonymous_1)
FN:11,(anonymous_2)
FN:14,(anonymous_3)
FN:28,(anonymous_4)
FN:36,(anonymous_5)
FN:41,(anonymous_6)
FN:45,(anonymous_7)
FN:53,(anonymous_8)
FN:61,(anonymous_9)
FN:65,(anonymous_10)
FNF:11
FNH:11
FNDA:4,(anonymous_0)
FNDA:13,(anonymous_1)
FNDA:70,(anonymous_2)
FNDA:5,(anonymous_3)
FNDA:3,(anonymous_4)
FNDA:2,(anonymous_5)
FNDA:1,(anonymous_6)
FNDA:2,(anonymous_7)
FNDA:3,(anonymous_8)
FNDA:4,(anonymous_9)
FNDA:3,(anonymous_10)
DA:6,4
DA:7,4
DA:11,70
DA:15,5
DA:16,2
DA:19,3
DA:21,3
DA:22,2
DA:25,3
DA:29,3
DA:30,3
DA:31,1
DA:33,2
DA:37,2
DA:38,2
DA:39,1
DA:41,1
DA:42,1
DA:46,2
DA:47,2
DA:48,1
DA:50,1
DA:54,3
DA:55,3
DA:56,1
DA:58,2
DA:62,4
DA:66,3
DA:67,1
DA:71,2
DA:74,1
DA:75,1
DA:76,1
DA:77,1
DA:78,1
DA:82,1
DA:88,1
LF:37
LH:37
BRDA:15,0,0,2
BRDA:15,0,1,3
BRDA:21,1,0,2
BRDA:21,1,1,1
BRDA:30,2,0,1
BRDA:30,2,1,2
BRDA:38,3,0,1
BRDA:38,3,1,1
BRDA:47,4,0,1
BRDA:47,4,1,1
BRDA:55,5,0,1
BRDA:55,5,1,2
BRDA:66,6,0,1
BRDA:66,6,1,2
BRDA:71,7,0,1
BRDA:71,7,1,1
BRF:16
BRH:16
end_of_record
