{"/Users/jencarrigan/Documents/GitHub/data-structures-and-algorithms/code3/array-binary-search.js": {"path":"/Users/jencarrigan/Documents/GitHub/data-structures-and-algorithms/code3/array-binary-search.js","statementMap":{"0":{"start":{"line":3,"column":15},"end":{"line":3,"column":34}},"1":{"start":{"line":5,"column":0},"end":{"line":30,"column":2}},"2":{"start":{"line":6,"column":4},"end":{"line":29,"column":5}},"3":{"start":{"line":7,"column":8},"end":{"line":7,"column":18}},"4":{"start":{"line":10,"column":19},"end":{"line":10,"column":20}},"5":{"start":{"line":11,"column":20},"end":{"line":11,"column":34}},"6":{"start":{"line":13,"column":8},"end":{"line":27,"column":9}},"7":{"start":{"line":15,"column":22},"end":{"line":15,"column":50}},"8":{"start":{"line":16,"column":12},"end":{"line":16,"column":29}},"9":{"start":{"line":17,"column":12},"end":{"line":26,"column":13}},"10":{"start":{"line":18,"column":16},"end":{"line":18,"column":31}},"11":{"start":{"line":20,"column":17},"end":{"line":26,"column":13}},"12":{"start":{"line":21,"column":16},"end":{"line":21,"column":32}},"13":{"start":{"line":24,"column":16},"end":{"line":24,"column":27}},"14":{"start":{"line":28,"column":8},"end":{"line":28,"column":18}}},"fnMap":{"0":{"name":"(anonymous_0)","decl":{"start":{"line":5,"column":16},"end":{"line":5,"column":17}},"loc":{"start":{"line":5,"column":29},"end":{"line":30,"column":1}},"line":5}},"branchMap":{"0":{"loc":{"start":{"line":6,"column":4},"end":{"line":29,"column":5}},"type":"if","locations":[{"start":{"line":6,"column":4},"end":{"line":29,"column":5}},{"start":{"line":6,"column":4},"end":{"line":29,"column":5}}],"line":6},"1":{"loc":{"start":{"line":17,"column":12},"end":{"line":26,"column":13}},"type":"if","locations":[{"start":{"line":17,"column":12},"end":{"line":26,"column":13}},{"start":{"line":17,"column":12},"end":{"line":26,"column":13}}],"line":17},"2":{"loc":{"start":{"line":20,"column":17},"end":{"line":26,"column":13}},"type":"if","locations":[{"start":{"line":20,"column":17},"end":{"line":26,"column":13}},{"start":{"line":20,"column":17},"end":{"line":26,"column":13}}],"line":20}},"s":{"0":1,"1":1,"2":4,"3":1,"4":3,"5":3,"6":3,"7":7,"8":7,"9":7,"10":4,"11":3,"12":1,"13":2,"14":1},"f":{"0":4},"b":{"0":[1,3],"1":[4,3],"2":[1,2]},"_coverageSchema":"332fd63041d2c1bcb487cc26dd0d5f7d97098a6c","hash":"7981ab9e8228ed696363d518f6c3bc883001ac65"}
}
