{"/Users/jencarrigan/Documents/GitHub/data-structures-and-algorithms/code7/linked-list.js": {"path":"/Users/jencarrigan/Documents/GitHub/data-structures-and-algorithms/code7/linked-list.js","statementMap":{"0":{"start":{"line":5,"column":4},"end":{"line":7,"column":5}},"1":{"start":{"line":6,"column":6},"end":{"line":6,"column":61}},"2":{"start":{"line":8,"column":4},"end":{"line":10,"column":5}},"3":{"start":{"line":9,"column":6},"end":{"line":9,"column":66}},"4":{"start":{"line":11,"column":4},"end":{"line":11,"column":21}},"5":{"start":{"line":12,"column":4},"end":{"line":12,"column":21}},"6":{"start":{"line":15,"column":0},"end":{"line":172,"column":1}},"7":{"start":{"line":17,"column":4},"end":{"line":17,"column":21}},"8":{"start":{"line":21,"column":4},"end":{"line":23,"column":5}},"9":{"start":{"line":22,"column":6},"end":{"line":22,"column":47}},"10":{"start":{"line":25,"column":4},"end":{"line":27,"column":5}},"11":{"start":{"line":26,"column":6},"end":{"line":26,"column":66}},"12":{"start":{"line":29,"column":4},"end":{"line":36,"column":5}},"13":{"start":{"line":30,"column":6},"end":{"line":30,"column":32}},"14":{"start":{"line":31,"column":6},"end":{"line":31,"column":18}},"15":{"start":{"line":34,"column":6},"end":{"line":34,"column":43}},"16":{"start":{"line":35,"column":6},"end":{"line":35,"column":18}},"17":{"start":{"line":40,"column":4},"end":{"line":42,"column":5}},"18":{"start":{"line":41,"column":6},"end":{"line":41,"column":47}},"19":{"start":{"line":44,"column":4},"end":{"line":46,"column":5}},"20":{"start":{"line":45,"column":6},"end":{"line":45,"column":66}},"21":{"start":{"line":48,"column":18},"end":{"line":48,"column":27}},"22":{"start":{"line":50,"column":4},"end":{"line":55,"column":5}},"23":{"start":{"line":51,"column":6},"end":{"line":53,"column":7}},"24":{"start":{"line":52,"column":8},"end":{"line":52,"column":20}},"25":{"start":{"line":54,"column":6},"end":{"line":54,"column":29}},"26":{"start":{"line":57,"column":4},"end":{"line":57,"column":17}},"27":{"start":{"line":61,"column":4},"end":{"line":63,"column":5}},"28":{"start":{"line":62,"column":6},"end":{"line":62,"column":42}},"29":{"start":{"line":65,"column":4},"end":{"line":67,"column":5}},"30":{"start":{"line":66,"column":6},"end":{"line":66,"column":68}},"31":{"start":{"line":69,"column":18},"end":{"line":69,"column":27}},"32":{"start":{"line":70,"column":14},"end":{"line":70,"column":16}},"33":{"start":{"line":72,"column":4},"end":{"line":75,"column":5}},"34":{"start":{"line":73,"column":6},"end":{"line":73,"column":30}},"35":{"start":{"line":74,"column":6},"end":{"line":74,"column":29}},"36":{"start":{"line":77,"column":4},"end":{"line":77,"column":26}},"37":{"start":{"line":81,"column":4},"end":{"line":83,"column":5}},"38":{"start":{"line":82,"column":6},"end":{"line":82,"column":47}},"39":{"start":{"line":85,"column":4},"end":{"line":87,"column":5}},"40":{"start":{"line":86,"column":6},"end":{"line":86,"column":66}},"41":{"start":{"line":89,"column":18},"end":{"line":89,"column":27}},"42":{"start":{"line":91,"column":4},"end":{"line":93,"column":5}},"43":{"start":{"line":92,"column":6},"end":{"line":92,"column":29}},"44":{"start":{"line":95,"column":4},"end":{"line":95,"column":33}},"45":{"start":{"line":99,"column":4},"end":{"line":101,"column":5}},"46":{"start":{"line":100,"column":6},"end":{"line":100,"column":63}},"47":{"start":{"line":103,"column":4},"end":{"line":105,"column":5}},"48":{"start":{"line":104,"column":6},"end":{"line":104,"column":66}},"49":{"start":{"line":107,"column":18},"end":{"line":107,"column":27}},"50":{"start":{"line":108,"column":18},"end":{"line":108,"column":34}},"51":{"start":{"line":110,"column":4},"end":{"line":117,"column":5}},"52":{"start":{"line":111,"column":6},"end":{"line":115,"column":7}},"53":{"start":{"line":112,"column":8},"end":{"line":112,"column":36}},"54":{"start":{"line":113,"column":8},"end":{"line":113,"column":31}},"55":{"start":{"line":114,"column":8},"end":{"line":114,"column":15}},"56":{"start":{"line":116,"column":6},"end":{"line":116,"column":29}},"57":{"start":{"line":121,"column":4},"end":{"line":123,"column":5}},"58":{"start":{"line":122,"column":6},"end":{"line":122,"column":63}},"59":{"start":{"line":125,"column":4},"end":{"line":127,"column":5}},"60":{"start":{"line":126,"column":6},"end":{"line":126,"column":66}},"61":{"start":{"line":129,"column":18},"end":{"line":129,"column":27}},"62":{"start":{"line":130,"column":18},"end":{"line":130,"column":34}},"63":{"start":{"line":132,"column":4},"end":{"line":139,"column":5}},"64":{"start":{"line":133,"column":6},"end":{"line":137,"column":7}},"65":{"start":{"line":134,"column":8},"end":{"line":134,"column":36}},"66":{"start":{"line":135,"column":8},"end":{"line":135,"column":31}},"67":{"start":{"line":136,"column":8},"end":{"line":136,"column":15}},"68":{"start":{"line":138,"column":6},"end":{"line":138,"column":29}},"69":{"start":{"line":143,"column":4},"end":{"line":145,"column":5}},"70":{"start":{"line":144,"column":6},"end":{"line":144,"column":47}},"71":{"start":{"line":147,"column":4},"end":{"line":149,"column":5}},"72":{"start":{"line":148,"column":6},"end":{"line":148,"column":66}},"73":{"start":{"line":151,"column":16},"end":{"line":151,"column":25}},"74":{"start":{"line":152,"column":17},"end":{"line":152,"column":26}},"75":{"start":{"line":153,"column":16},"end":{"line":153,"column":17}},"76":{"start":{"line":155,"column":4},"end":{"line":170,"column":5}},"77":{"start":{"line":156,"column":6},"end":{"line":158,"column":7}},"78":{"start":{"line":157,"column":8},"end":{"line":157,"column":29}},"79":{"start":{"line":160,"column":6},"end":{"line":160,"column":14}},"80":{"start":{"line":162,"column":6},"end":{"line":167,"column":7}},"81":{"start":{"line":163,"column":8},"end":{"line":165,"column":9}},"82":{"start":{"line":164,"column":12},"end":{"line":164,"column":87}},"83":{"start":{"line":166,"column":8},"end":{"line":166,"column":28}},"84":{"start":{"line":169,"column":6},"end":{"line":169,"column":25}}},"fnMap":{"0":{"name":"(anonymous_0)","decl":{"start":{"line":4,"column":2},"end":{"line":4,"column":3}},"loc":{"start":{"line":4,"column":33},"end":{"line":13,"column":3}},"line":4},"1":{"name":"(anonymous_1)","decl":{"start":{"line":16,"column":2},"end":{"line":16,"column":3}},"loc":{"start":{"line":16,"column":28},"end":{"line":18,"column":3}},"line":16},"2":{"name":"(anonymous_2)","decl":{"start":{"line":20,"column":2},"end":{"line":20,"column":3}},"loc":{"start":{"line":20,"column":14},"end":{"line":37,"column":3}},"line":20},"3":{"name":"(anonymous_3)","decl":{"start":{"line":39,"column":2},"end":{"line":39,"column":3}},"loc":{"start":{"line":39,"column":16},"end":{"line":58,"column":3}},"line":39},"4":{"name":"(anonymous_4)","decl":{"start":{"line":60,"column":2},"end":{"line":60,"column":3}},"loc":{"start":{"line":60,"column":10},"end":{"line":78,"column":1}},"line":60},"5":{"name":"(anonymous_5)","decl":{"start":{"line":80,"column":2},"end":{"line":80,"column":3}},"loc":{"start":{"line":80,"column":14},"end":{"line":96,"column":3}},"line":80},"6":{"name":"(anonymous_6)","decl":{"start":{"line":98,"column":2},"end":{"line":98,"column":3}},"loc":{"start":{"line":98,"column":28},"end":{"line":118,"column":3}},"line":98},"7":{"name":"(anonymous_7)","decl":{"start":{"line":120,"column":2},"end":{"line":120,"column":3}},"loc":{"start":{"line":120,"column":27},"end":{"line":140,"column":3}},"line":120},"8":{"name":"(anonymous_8)","decl":{"start":{"line":142,"column":2},"end":{"line":142,"column":3}},"loc":{"start":{"line":142,"column":20},"end":{"line":171,"column":3}},"line":142}},"branchMap":{"0":{"loc":{"start":{"line":4,"column":20},"end":{"line":4,"column":31}},"type":"default-arg","locations":[{"start":{"line":4,"column":27},"end":{"line":4,"column":31}}],"line":4},"1":{"loc":{"start":{"line":5,"column":4},"end":{"line":7,"column":5}},"type":"if","locations":[{"start":{"line":5,"column":4},"end":{"line":7,"column":5}},{"start":{"line":5,"column":4},"end":{"line":7,"column":5}}],"line":5},"2":{"loc":{"start":{"line":8,"column":4},"end":{"line":10,"column":5}},"type":"if","locations":[{"start":{"line":8,"column":4},"end":{"line":10,"column":5}},{"start":{"line":8,"column":4},"end":{"line":10,"column":5}}],"line":8},"3":{"loc":{"start":{"line":16,"column":15},"end":{"line":16,"column":26}},"type":"default-arg","locations":[{"start":{"line":16,"column":22},"end":{"line":16,"column":26}}],"line":16},"4":{"loc":{"start":{"line":21,"column":4},"end":{"line":23,"column":5}},"type":"if","locations":[{"start":{"line":21,"column":4},"end":{"line":23,"column":5}},{"start":{"line":21,"column":4},"end":{"line":23,"column":5}}],"line":21},"5":{"loc":{"start":{"line":21,"column":8},"end":{"line":21,"column":41}},"type":"binary-expr","locations":[{"start":{"line":21,"column":8},"end":{"line":21,"column":20}},{"start":{"line":21,"column":24},"end":{"line":21,"column":41}}],"line":21},"6":{"loc":{"start":{"line":25,"column":4},"end":{"line":27,"column":5}},"type":"if","locations":[{"start":{"line":25,"column":4},"end":{"line":27,"column":5}},{"start":{"line":25,"column":4},"end":{"line":27,"column":5}}],"line":25},"7":{"loc":{"start":{"line":29,"column":4},"end":{"line":36,"column":5}},"type":"if","locations":[{"start":{"line":29,"column":4},"end":{"line":36,"column":5}},{"start":{"line":29,"column":4},"end":{"line":36,"column":5}}],"line":29},"8":{"loc":{"start":{"line":40,"column":4},"end":{"line":42,"column":5}},"type":"if","locations":[{"start":{"line":40,"column":4},"end":{"line":42,"column":5}},{"start":{"line":40,"column":4},"end":{"line":42,"column":5}}],"line":40},"9":{"loc":{"start":{"line":40,"column":8},"end":{"line":40,"column":41}},"type":"binary-expr","locations":[{"start":{"line":40,"column":8},"end":{"line":40,"column":20}},{"start":{"line":40,"column":24},"end":{"line":40,"column":41}}],"line":40},"10":{"loc":{"start":{"line":44,"column":4},"end":{"line":46,"column":5}},"type":"if","locations":[{"start":{"line":44,"column":4},"end":{"line":46,"column":5}},{"start":{"line":44,"column":4},"end":{"line":46,"column":5}}],"line":44},"11":{"loc":{"start":{"line":51,"column":6},"end":{"line":53,"column":7}},"type":"if","locations":[{"start":{"line":51,"column":6},"end":{"line":53,"column":7}},{"start":{"line":51,"column":6},"end":{"line":53,"column":7}}],"line":51},"12":{"loc":{"start":{"line":61,"column":4},"end":{"line":63,"column":5}},"type":"if","locations":[{"start":{"line":61,"column":4},"end":{"line":63,"column":5}},{"start":{"line":61,"column":4},"end":{"line":63,"column":5}}],"line":61},"13":{"loc":{"start":{"line":65,"column":4},"end":{"line":67,"column":5}},"type":"if","locations":[{"start":{"line":65,"column":4},"end":{"line":67,"column":5}},{"start":{"line":65,"column":4},"end":{"line":67,"column":5}}],"line":65},"14":{"loc":{"start":{"line":81,"column":4},"end":{"line":83,"column":5}},"type":"if","locations":[{"start":{"line":81,"column":4},"end":{"line":83,"column":5}},{"start":{"line":81,"column":4},"end":{"line":83,"column":5}}],"line":81},"15":{"loc":{"start":{"line":81,"column":8},"end":{"line":81,"column":41}},"type":"binary-expr","locations":[{"start":{"line":81,"column":8},"end":{"line":81,"column":20}},{"start":{"line":81,"column":24},"end":{"line":81,"column":41}}],"line":81},"16":{"loc":{"start":{"line":85,"column":4},"end":{"line":87,"column":5}},"type":"if","locations":[{"start":{"line":85,"column":4},"end":{"line":87,"column":5}},{"start":{"line":85,"column":4},"end":{"line":87,"column":5}}],"line":85},"17":{"loc":{"start":{"line":99,"column":4},"end":{"line":101,"column":5}},"type":"if","locations":[{"start":{"line":99,"column":4},"end":{"line":101,"column":5}},{"start":{"line":99,"column":4},"end":{"line":101,"column":5}}],"line":99},"18":{"loc":{"start":{"line":99,"column":8},"end":{"line":99,"column":84}},"type":"binary-expr","locations":[{"start":{"line":99,"column":8},"end":{"line":99,"column":20}},{"start":{"line":99,"column":24},"end":{"line":99,"column":41}},{"start":{"line":99,"column":45},"end":{"line":99,"column":60}},{"start":{"line":99,"column":64},"end":{"line":99,"column":84}}],"line":99},"19":{"loc":{"start":{"line":103,"column":4},"end":{"line":105,"column":5}},"type":"if","locations":[{"start":{"line":103,"column":4},"end":{"line":105,"column":5}},{"start":{"line":103,"column":4},"end":{"line":105,"column":5}}],"line":103},"20":{"loc":{"start":{"line":111,"column":6},"end":{"line":115,"column":7}},"type":"if","locations":[{"start":{"line":111,"column":6},"end":{"line":115,"column":7}},{"start":{"line":111,"column":6},"end":{"line":115,"column":7}}],"line":111},"21":{"loc":{"start":{"line":121,"column":4},"end":{"line":123,"column":5}},"type":"if","locations":[{"start":{"line":121,"column":4},"end":{"line":123,"column":5}},{"start":{"line":121,"column":4},"end":{"line":123,"column":5}}],"line":121},"22":{"loc":{"start":{"line":121,"column":8},"end":{"line":121,"column":84}},"type":"binary-expr","locations":[{"start":{"line":121,"column":8},"end":{"line":121,"column":20}},{"start":{"line":121,"column":24},"end":{"line":121,"column":41}},{"start":{"line":121,"column":45},"end":{"line":121,"column":60}},{"start":{"line":121,"column":64},"end":{"line":121,"column":84}}],"line":121},"23":{"loc":{"start":{"line":125,"column":4},"end":{"line":127,"column":5}},"type":"if","locations":[{"start":{"line":125,"column":4},"end":{"line":127,"column":5}},{"start":{"line":125,"column":4},"end":{"line":127,"column":5}}],"line":125},"24":{"loc":{"start":{"line":133,"column":6},"end":{"line":137,"column":7}},"type":"if","locations":[{"start":{"line":133,"column":6},"end":{"line":137,"column":7}},{"start":{"line":133,"column":6},"end":{"line":137,"column":7}}],"line":133},"25":{"loc":{"start":{"line":143,"column":4},"end":{"line":145,"column":5}},"type":"if","locations":[{"start":{"line":143,"column":4},"end":{"line":145,"column":5}},{"start":{"line":143,"column":4},"end":{"line":145,"column":5}}],"line":143},"26":{"loc":{"start":{"line":143,"column":8},"end":{"line":143,"column":45}},"type":"binary-expr","locations":[{"start":{"line":143,"column":8},"end":{"line":143,"column":22}},{"start":{"line":143,"column":26},"end":{"line":143,"column":45}}],"line":143},"27":{"loc":{"start":{"line":147,"column":4},"end":{"line":149,"column":5}},"type":"if","locations":[{"start":{"line":147,"column":4},"end":{"line":149,"column":5}},{"start":{"line":147,"column":4},"end":{"line":149,"column":5}}],"line":147},"28":{"loc":{"start":{"line":155,"column":11},"end":{"line":155,"column":42}},"type":"binary-expr","locations":[{"start":{"line":155,"column":11},"end":{"line":155,"column":24}},{"start":{"line":155,"column":28},"end":{"line":155,"column":42}}],"line":155},"29":{"loc":{"start":{"line":156,"column":6},"end":{"line":158,"column":7}},"type":"if","locations":[{"start":{"line":156,"column":6},"end":{"line":158,"column":7}},{"start":{"line":156,"column":6},"end":{"line":158,"column":7}}],"line":156},"30":{"loc":{"start":{"line":162,"column":6},"end":{"line":167,"column":7}},"type":"if","locations":[{"start":{"line":162,"column":6},"end":{"line":167,"column":7}},{"start":{"line":162,"column":6},"end":{"line":167,"column":7}}],"line":162},"31":{"loc":{"start":{"line":163,"column":8},"end":{"line":165,"column":9}},"type":"if","locations":[{"start":{"line":163,"column":8},"end":{"line":165,"column":9}},{"start":{"line":163,"column":8},"end":{"line":165,"column":9}}],"line":163}},"s":{"0":29,"1":0,"2":29,"3":0,"4":29,"5":29,"6":1,"7":9,"8":30,"9":2,"10":28,"11":2,"12":26,"13":7,"14":7,"15":19,"16":19,"17":2,"18":0,"19":2,"20":0,"21":2,"22":2,"23":6,"24":1,"25":5,"26":1,"27":5,"28":1,"29":4,"30":0,"31":4,"32":4,"33":4,"34":19,"35":19,"36":4,"37":1,"38":0,"39":1,"40":0,"41":1,"42":1,"43":3,"44":1,"45":1,"46":0,"47":1,"48":0,"49":1,"50":1,"51":1,"52":1,"53":1,"54":1,"55":1,"56":0,"57":1,"58":0,"59":1,"60":0,"61":1,"62":1,"63":1,"64":2,"65":1,"66":1,"67":1,"68":1,"69":4,"70":1,"71":3,"72":1,"73":2,"74":2,"75":2,"76":2,"77":8,"78":1,"79":8,"80":8,"81":2,"82":1,"83":1,"84":6},"f":{"0":29,"1":9,"2":30,"3":2,"4":5,"5":1,"6":1,"7":1,"8":4},"b":{"0":[10],"1":[0,29],"2":[0,29],"3":[9],"4":[2,28],"5":[30,30],"6":[2,26],"7":[7,19],"8":[0,2],"9":[2,2],"10":[0,2],"11":[1,5],"12":[1,4],"13":[0,4],"14":[0,1],"15":[1,1],"16":[0,1],"17":[0,1],"18":[1,1,1,1],"19":[0,1],"20":[1,0],"21":[0,1],"22":[1,1,1,1],"23":[0,1],"24":[1,1],"25":[1,3],"26":[4,4],"27":[1,2],"28":[8,0],"29":[1,7],"30":[2,6],"31":[1,1]},"_coverageSchema":"332fd63041d2c1bcb487cc26dd0d5f7d97098a6c","hash":"0f493bdce32730452ce098a4ed35c16417f6ae31"}
}
