TN:
SF:/Users/jencarrigan/Documents/GitHub/data-structures-and-algorithms/code7/linked-list.js
FN:4,(anonymous_0)
FN:16,(anonymous_1)
FN:20,(anonymous_2)
FN:39,(anonymous_3)
FN:60,(anonymous_4)
FN:80,(anonymous_5)
FN:98,(anonymous_6)
FN:120,(anonymous_7)
FN:142,(anonymous_8)
FNF:9
FNH:9
FNDA:29,(anonymous_0)
FNDA:9,(anonymous_1)
FNDA:30,(anonymous_2)
FNDA:2,(anonymous_3)
FNDA:5,(anonymous_4)
FNDA:1,(anonymous_5)
FNDA:1,(anonymous_6)
FNDA:1,(anonymous_7)
FNDA:4,(anonymous_8)
DA:5,29
DA:6,0
DA:8,29
DA:9,0
DA:11,29
DA:12,29
DA:15,1
DA:17,9
DA:21,30
DA:22,2
DA:25,28
DA:26,2
DA:29,26
DA:30,7
DA:31,7
DA:34,19
DA:35,19
DA:40,2
DA:41,0
DA:44,2
DA:45,0
DA:48,2
DA:50,2
DA:51,6
DA:52,1
DA:54,5
DA:57,1
DA:61,5
DA:62,1
DA:65,4
DA:66,0
DA:69,4
DA:70,4
DA:72,4
DA:73,19
DA:74,19
DA:77,4
DA:81,1
DA:82,0
DA:85,1
DA:86,0
DA:89,1
DA:91,1
DA:92,3
DA:95,1
DA:99,1
DA:100,0
DA:103,1
DA:104,0
DA:107,1
DA:108,1
DA:110,1
DA:111,1
DA:112,1
DA:113,1
DA:114,1
DA:116,0
DA:121,1
DA:122,0
DA:125,1
DA:126,0
DA:129,1
DA:130,1
DA:132,1
DA:133,2
DA:134,1
DA:135,1
DA:136,1
DA:138,1
DA:143,4
DA:144,1
DA:147,3
DA:148,1
DA:151,2
DA:152,2
DA:153,2
DA:155,2
DA:156,8
DA:157,1
DA:160,8
DA:162,8
DA:163,2
DA:164,1
DA:166,1
DA:169,6
LF:85
LH:73
BRDA:4,0,0,10
BRDA:5,1,0,0
BRDA:5,1,1,29
BRDA:8,2,0,0
BRDA:8,2,1,29
BRDA:16,3,0,9
BRDA:21,4,0,2
BRDA:21,4,1,28
BRDA:21,5,0,30
BRDA:21,5,1,30
BRDA:25,6,0,2
BRDA:25,6,1,26
BRDA:29,7,0,7
BRDA:29,7,1,19
BRDA:40,8,0,0
BRDA:40,8,1,2
BRDA:40,9,0,2
BRDA:40,9,1,2
BRDA:44,10,0,0
BRDA:44,10,1,2
BRDA:51,11,0,1
BRDA:51,11,1,5
BRDA:61,12,0,1
BRDA:61,12,1,4
BRDA:65,13,0,0
BRDA:65,13,1,4
BRDA:81,14,0,0
BRDA:81,14,1,1
BRDA:81,15,0,1
BRDA:81,15,1,1
BRDA:85,16,0,0
BRDA:85,16,1,1
BRDA:99,17,0,0
BRDA:99,17,1,1
BRDA:99,18,0,1
BRDA:99,18,1,1
BRDA:99,18,2,1
BRDA:99,18,3,1
BRDA:103,19,0,0
BRDA:103,19,1,1
BRDA:111,20,0,1
BRDA:111,20,1,0
BRDA:121,21,0,0
BRDA:121,21,1,1
BRDA:121,22,0,1
BRDA:121,22,1,1
BRDA:121,22,2,1
BRDA:121,22,3,1
BRDA:125,23,0,0
BRDA:125,23,1,1
BRDA:133,24,0,1
BRDA:133,24,1,1
BRDA:143,25,0,1
BRDA:143,25,1,3
BRDA:143,26,0,4
BRDA:143,26,1,4
BRDA:147,27,0,1
BRDA:147,27,1,2
BRDA:155,28,0,8
BRDA:155,28,1,0
BRDA:156,29,0,1
BRDA:156,29,1,7
BRDA:162,30,0,2
BRDA:162,30,1,6
BRDA:163,31,0,1
BRDA:163,31,1,1
BRF:66
BRH:53
end_of_record
