{"/Users/jencarrigan/Documents/GitHub/data-structures-and-algorithms/code13/multi-bracket-validation.js": {"path":"/Users/jencarrigan/Documents/GitHub/data-structures-and-algorithms/code13/multi-bracket-validation.js","statementMap":{"0":{"start":{"line":3,"column":4},"end":{"line":5,"column":5}},"1":{"start":{"line":4,"column":6},"end":{"line":4,"column":61}},"2":{"start":{"line":6,"column":4},"end":{"line":6,"column":21}},"3":{"start":{"line":7,"column":4},"end":{"line":7,"column":21}},"4":{"start":{"line":13,"column":4},"end":{"line":13,"column":20}},"5":{"start":{"line":16,"column":4},"end":{"line":18,"column":5}},"6":{"start":{"line":17,"column":6},"end":{"line":17,"column":47}},"7":{"start":{"line":19,"column":4},"end":{"line":26,"column":5}},"8":{"start":{"line":20,"column":6},"end":{"line":20,"column":31}},"9":{"start":{"line":21,"column":6},"end":{"line":21,"column":18}},"10":{"start":{"line":24,"column":6},"end":{"line":24,"column":41}},"11":{"start":{"line":25,"column":6},"end":{"line":25,"column":18}},"12":{"start":{"line":29,"column":4},"end":{"line":31,"column":5}},"13":{"start":{"line":30,"column":6},"end":{"line":30,"column":52}},"14":{"start":{"line":32,"column":4},"end":{"line":34,"column":5}},"15":{"start":{"line":33,"column":6},"end":{"line":33,"column":38}},"16":{"start":{"line":35,"column":15},"end":{"line":35,"column":23}},"17":{"start":{"line":36,"column":4},"end":{"line":36,"column":29}},"18":{"start":{"line":37,"column":4},"end":{"line":37,"column":20}},"19":{"start":{"line":38,"column":4},"end":{"line":38,"column":15}},"20":{"start":{"line":41,"column":4},"end":{"line":43,"column":5}},"21":{"start":{"line":42,"column":6},"end":{"line":42,"column":52}},"22":{"start":{"line":44,"column":4},"end":{"line":44,"column":20}},"23":{"start":{"line":48,"column":0},"end":{"line":88,"column":2}},"24":{"start":{"line":49,"column":2},"end":{"line":51,"column":3}},"25":{"start":{"line":50,"column":4},"end":{"line":50,"column":17}},"26":{"start":{"line":53,"column":2},"end":{"line":55,"column":3}},"27":{"start":{"line":54,"column":4},"end":{"line":54,"column":17}},"28":{"start":{"line":57,"column":14},"end":{"line":57,"column":25}},"29":{"start":{"line":58,"column":2},"end":{"line":80,"column":3}},"30":{"start":{"line":59,"column":4},"end":{"line":79,"column":5}},"31":{"start":{"line":60,"column":6},"end":{"line":60,"column":32}},"32":{"start":{"line":62,"column":9},"end":{"line":79,"column":5}},"33":{"start":{"line":63,"column":6},"end":{"line":63,"column":18}},"34":{"start":{"line":65,"column":9},"end":{"line":79,"column":5}},"35":{"start":{"line":66,"column":6},"end":{"line":66,"column":18}},"36":{"start":{"line":68,"column":9},"end":{"line":79,"column":5}},"37":{"start":{"line":69,"column":6},"end":{"line":69,"column":18}},"38":{"start":{"line":71,"column":9},"end":{"line":79,"column":5}},"39":{"start":{"line":72,"column":6},"end":{"line":72,"column":19}},"40":{"start":{"line":74,"column":9},"end":{"line":79,"column":5}},"41":{"start":{"line":75,"column":6},"end":{"line":75,"column":19}},"42":{"start":{"line":77,"column":9},"end":{"line":79,"column":5}},"43":{"start":{"line":78,"column":6},"end":{"line":78,"column":19}},"44":{"start":{"line":82,"column":2},"end":{"line":87,"column":3}},"45":{"start":{"line":83,"column":4},"end":{"line":83,"column":17}},"46":{"start":{"line":86,"column":4},"end":{"line":86,"column":16}}},"fnMap":{"0":{"name":"(anonymous_0)","decl":{"start":{"line":2,"column":2},"end":{"line":2,"column":3}},"loc":{"start":{"line":2,"column":33},"end":{"line":8,"column":3}},"line":2},"1":{"name":"(anonymous_1)","decl":{"start":{"line":12,"column":2},"end":{"line":12,"column":3}},"loc":{"start":{"line":12,"column":28},"end":{"line":14,"column":3}},"line":12},"2":{"name":"(anonymous_2)","decl":{"start":{"line":15,"column":3},"end":{"line":15,"column":4}},"loc":{"start":{"line":15,"column":13},"end":{"line":27,"column":3}},"line":15},"3":{"name":"(anonymous_3)","decl":{"start":{"line":28,"column":3},"end":{"line":28,"column":4}},"loc":{"start":{"line":28,"column":9},"end":{"line":39,"column":3}},"line":28},"4":{"name":"(anonymous_4)","decl":{"start":{"line":40,"column":3},"end":{"line":40,"column":4}},"loc":{"start":{"line":40,"column":10},"end":{"line":45,"column":3}},"line":40},"5":{"name":"(anonymous_5)","decl":{"start":{"line":48,"column":17},"end":{"line":48,"column":18}},"loc":{"start":{"line":48,"column":26},"end":{"line":88,"column":1}},"line":48}},"branchMap":{"0":{"loc":{"start":{"line":2,"column":20},"end":{"line":2,"column":31}},"type":"default-arg","locations":[{"start":{"line":2,"column":27},"end":{"line":2,"column":31}}],"line":2},"1":{"loc":{"start":{"line":3,"column":4},"end":{"line":5,"column":5}},"type":"if","locations":[{"start":{"line":3,"column":4},"end":{"line":5,"column":5}},{"start":{"line":3,"column":4},"end":{"line":5,"column":5}}],"line":3},"2":{"loc":{"start":{"line":12,"column":15},"end":{"line":12,"column":26}},"type":"default-arg","locations":[{"start":{"line":12,"column":22},"end":{"line":12,"column":26}}],"line":12},"3":{"loc":{"start":{"line":16,"column":4},"end":{"line":18,"column":5}},"type":"if","locations":[{"start":{"line":16,"column":4},"end":{"line":18,"column":5}},{"start":{"line":16,"column":4},"end":{"line":18,"column":5}}],"line":16},"4":{"loc":{"start":{"line":16,"column":8},"end":{"line":16,"column":41}},"type":"binary-expr","locations":[{"start":{"line":16,"column":8},"end":{"line":16,"column":20}},{"start":{"line":16,"column":24},"end":{"line":16,"column":41}}],"line":16},"5":{"loc":{"start":{"line":19,"column":4},"end":{"line":26,"column":5}},"type":"if","locations":[{"start":{"line":19,"column":4},"end":{"line":26,"column":5}},{"start":{"line":19,"column":4},"end":{"line":26,"column":5}}],"line":19},"6":{"loc":{"start":{"line":29,"column":4},"end":{"line":31,"column":5}},"type":"if","locations":[{"start":{"line":29,"column":4},"end":{"line":31,"column":5}},{"start":{"line":29,"column":4},"end":{"line":31,"column":5}}],"line":29},"7":{"loc":{"start":{"line":32,"column":4},"end":{"line":34,"column":5}},"type":"if","locations":[{"start":{"line":32,"column":4},"end":{"line":34,"column":5}},{"start":{"line":32,"column":4},"end":{"line":34,"column":5}}],"line":32},"8":{"loc":{"start":{"line":41,"column":4},"end":{"line":43,"column":5}},"type":"if","locations":[{"start":{"line":41,"column":4},"end":{"line":43,"column":5}},{"start":{"line":41,"column":4},"end":{"line":43,"column":5}}],"line":41},"9":{"loc":{"start":{"line":49,"column":2},"end":{"line":51,"column":3}},"type":"if","locations":[{"start":{"line":49,"column":2},"end":{"line":51,"column":3}},{"start":{"line":49,"column":2},"end":{"line":51,"column":3}}],"line":49},"10":{"loc":{"start":{"line":53,"column":2},"end":{"line":55,"column":3}},"type":"if","locations":[{"start":{"line":53,"column":2},"end":{"line":55,"column":3}},{"start":{"line":53,"column":2},"end":{"line":55,"column":3}}],"line":53},"11":{"loc":{"start":{"line":59,"column":4},"end":{"line":79,"column":5}},"type":"if","locations":[{"start":{"line":59,"column":4},"end":{"line":79,"column":5}},{"start":{"line":59,"column":4},"end":{"line":79,"column":5}}],"line":59},"12":{"loc":{"start":{"line":59,"column":7},"end":{"line":59,"column":78}},"type":"binary-expr","locations":[{"start":{"line":59,"column":7},"end":{"line":59,"column":28}},{"start":{"line":59,"column":32},"end":{"line":59,"column":53}},{"start":{"line":59,"column":57},"end":{"line":59,"column":78}}],"line":59},"13":{"loc":{"start":{"line":62,"column":9},"end":{"line":79,"column":5}},"type":"if","locations":[{"start":{"line":62,"column":9},"end":{"line":79,"column":5}},{"start":{"line":62,"column":9},"end":{"line":79,"column":5}}],"line":62},"14":{"loc":{"start":{"line":62,"column":13},"end":{"line":62,"column":86}},"type":"binary-expr","locations":[{"start":{"line":62,"column":13},"end":{"line":62,"column":34}},{"start":{"line":62,"column":38},"end":{"line":62,"column":56}},{"start":{"line":62,"column":60},"end":{"line":62,"column":86}}],"line":62},"15":{"loc":{"start":{"line":65,"column":9},"end":{"line":79,"column":5}},"type":"if","locations":[{"start":{"line":65,"column":9},"end":{"line":79,"column":5}},{"start":{"line":65,"column":9},"end":{"line":79,"column":5}}],"line":65},"16":{"loc":{"start":{"line":65,"column":13},"end":{"line":65,"column":86}},"type":"binary-expr","locations":[{"start":{"line":65,"column":13},"end":{"line":65,"column":34}},{"start":{"line":65,"column":38},"end":{"line":65,"column":56}},{"start":{"line":65,"column":60},"end":{"line":65,"column":86}}],"line":65},"17":{"loc":{"start":{"line":68,"column":9},"end":{"line":79,"column":5}},"type":"if","locations":[{"start":{"line":68,"column":9},"end":{"line":79,"column":5}},{"start":{"line":68,"column":9},"end":{"line":79,"column":5}}],"line":68},"18":{"loc":{"start":{"line":68,"column":13},"end":{"line":68,"column":86}},"type":"binary-expr","locations":[{"start":{"line":68,"column":13},"end":{"line":68,"column":34}},{"start":{"line":68,"column":38},"end":{"line":68,"column":56}},{"start":{"line":68,"column":60},"end":{"line":68,"column":86}}],"line":68},"19":{"loc":{"start":{"line":71,"column":9},"end":{"line":79,"column":5}},"type":"if","locations":[{"start":{"line":71,"column":9},"end":{"line":79,"column":5}},{"start":{"line":71,"column":9},"end":{"line":79,"column":5}}],"line":71},"20":{"loc":{"start":{"line":71,"column":13},"end":{"line":71,"column":89}},"type":"binary-expr","locations":[{"start":{"line":71,"column":13},"end":{"line":71,"column":34}},{"start":{"line":71,"column":39},"end":{"line":71,"column":57}},{"start":{"line":71,"column":61},"end":{"line":71,"column":87}}],"line":71},"21":{"loc":{"start":{"line":74,"column":9},"end":{"line":79,"column":5}},"type":"if","locations":[{"start":{"line":74,"column":9},"end":{"line":79,"column":5}},{"start":{"line":74,"column":9},"end":{"line":79,"column":5}}],"line":74},"22":{"loc":{"start":{"line":74,"column":13},"end":{"line":74,"column":88}},"type":"binary-expr","locations":[{"start":{"line":74,"column":13},"end":{"line":74,"column":34}},{"start":{"line":74,"column":39},"end":{"line":74,"column":57}},{"start":{"line":74,"column":61},"end":{"line":74,"column":87}}],"line":74},"23":{"loc":{"start":{"line":77,"column":9},"end":{"line":79,"column":5}},"type":"if","locations":[{"start":{"line":77,"column":9},"end":{"line":79,"column":5}},{"start":{"line":77,"column":9},"end":{"line":79,"column":5}}],"line":77},"24":{"loc":{"start":{"line":77,"column":13},"end":{"line":77,"column":88}},"type":"binary-expr","locations":[{"start":{"line":77,"column":13},"end":{"line":77,"column":34}},{"start":{"line":77,"column":39},"end":{"line":77,"column":57}},{"start":{"line":77,"column":61},"end":{"line":77,"column":87}}],"line":77},"25":{"loc":{"start":{"line":82,"column":2},"end":{"line":87,"column":3}},"type":"if","locations":[{"start":{"line":82,"column":2},"end":{"line":87,"column":3}},{"start":{"line":82,"column":2},"end":{"line":87,"column":3}}],"line":82}},"s":{"0":6,"1":0,"2":6,"3":6,"4":3,"5":6,"6":0,"7":6,"8":4,"9":4,"10":2,"11":2,"12":5,"13":0,"14":5,"15":0,"16":5,"17":5,"18":5,"19":5,"20":7,"21":0,"22":7,"23":1,"24":5,"25":0,"26":5,"27":2,"28":3,"29":3,"30":16,"31":6,"32":10,"33":2,"34":8,"35":1,"36":7,"37":2,"38":5,"39":1,"40":4,"41":0,"42":4,"43":0,"44":2,"45":1,"46":1},"f":{"0":6,"1":3,"2":6,"3":5,"4":7,"5":5},"b":{"0":[4],"1":[0,6],"2":[3],"3":[0,6],"4":[6,6],"5":[4,2],"6":[0,5],"7":[0,5],"8":[0,7],"9":[0,5],"10":[2,3],"11":[6,10],"12":[16,14,12],"13":[2,8],"14":[10,3,2],"15":[1,7],"16":[8,2,2],"17":[2,5],"18":[7,2,2],"19":[1,4],"20":[5,1,0],"21":[0,4],"22":[4,1,1],"23":[0,4],"24":[4,0,0],"25":[1,1]},"_coverageSchema":"332fd63041d2c1bcb487cc26dd0d5f7d97098a6c","hash":"6626637fea2e493b342255fa1f3012d70d13d8c9"}
}
