TN:
SF:/Users/jencarrigan/Documents/GitHub/data-structures-and-algorithms/code13/multi-bracket-validation.js
FN:2,(anonymous_0)
FN:12,(anonymous_1)
FN:15,(anonymous_2)
FN:28,(anonymous_3)
FN:40,(anonymous_4)
FN:48,(anonymous_5)
FNF:6
FNH:6
FNDA:6,(anonymous_0)
FNDA:3,(anonymous_1)
FNDA:6,(anonymous_2)
FNDA:5,(anonymous_3)
FNDA:7,(anonymous_4)
FNDA:5,(anonymous_5)
DA:3,6
DA:4,0
DA:6,6
DA:7,6
DA:13,3
DA:16,6
DA:17,0
DA:19,6
DA:20,4
DA:21,4
DA:24,2
DA:25,2
DA:29,5
DA:30,0
DA:32,5
DA:33,0
DA:35,5
DA:36,5
DA:37,5
DA:38,5
DA:41,7
DA:42,0
DA:44,7
DA:48,1
DA:49,5
DA:50,0
DA:53,5
DA:54,2
DA:57,3
DA:58,3
DA:59,16
DA:60,6
DA:62,10
DA:63,2
DA:65,8
DA:66,1
DA:68,7
DA:69,2
DA:71,5
DA:72,1
DA:74,4
DA:75,0
DA:77,4
DA:78,0
DA:82,2
DA:83,1
DA:86,1
LF:47
LH:39
BRDA:2,0,0,4
BRDA:3,1,0,0
BRDA:3,1,1,6
BRDA:12,2,0,3
BRDA:16,3,0,0
BRDA:16,3,1,6
BRDA:16,4,0,6
BRDA:16,4,1,6
BRDA:19,5,0,4
BRDA:19,5,1,2
BRDA:29,6,0,0
BRDA:29,6,1,5
BRDA:32,7,0,0
BRDA:32,7,1,5
BRDA:41,8,0,0
BRDA:41,8,1,7
BRDA:49,9,0,0
BRDA:49,9,1,5
BRDA:53,10,0,2
BRDA:53,10,1,3
BRDA:59,11,0,6
BRDA:59,11,1,10
BRDA:59,12,0,16
BRDA:59,12,1,14
BRDA:59,12,2,12
BRDA:62,13,0,2
BRDA:62,13,1,8
BRDA:62,14,0,10
BRDA:62,14,1,3
BRDA:62,14,2,2
BRDA:65,15,0,1
BRDA:65,15,1,7
BRDA:65,16,0,8
BRDA:65,16,1,2
BRDA:65,16,2,2
BRDA:68,17,0,2
BRDA:68,17,1,5
BRDA:68,18,0,7
BRDA:68,18,1,2
BRDA:68,18,2,2
BRDA:71,19,0,1
BRDA:71,19,1,4
BRDA:71,20,0,5
BRDA:71,20,1,1
BRDA:71,20,2,0
BRDA:74,21,0,0
BRDA:74,21,1,4
BRDA:74,22,0,4
BRDA:74,22,1,1
BRDA:74,22,2,1
BRDA:77,23,0,0
BRDA:77,23,1,4
BRDA:77,24,0,4
BRDA:77,24,1,0
BRDA:77,24,2,0
BRDA:82,25,0,1
BRDA:82,25,1,1
BRF:57
BRH:46
end_of_record
