{"/Users/jencarrigan/Documents/GitHub/data-structures-and-algorithms/lib/array-shift.js": {"path":"/Users/jencarrigan/Documents/GitHub/data-structures-and-algorithms/lib/array-shift.js","statementMap":{"0":{"start":{"line":3,"column":14},"end":{"line":3,"column":33}},"1":{"start":{"line":5,"column":0},"end":{"line":26,"column":2}},"2":{"start":{"line":6,"column":4},"end":{"line":8,"column":5}},"3":{"start":{"line":7,"column":8},"end":{"line":7,"column":74}},"4":{"start":{"line":10,"column":18},"end":{"line":10,"column":41}},"5":{"start":{"line":11,"column":21},"end":{"line":11,"column":23}},"6":{"start":{"line":13,"column":8},"end":{"line":13,"column":26}},"7":{"start":{"line":15,"column":8},"end":{"line":23,"column":9}},"8":{"start":{"line":16,"column":12},"end":{"line":21,"column":13}},"9":{"start":{"line":17,"column":16},"end":{"line":17,"column":35}},"10":{"start":{"line":19,"column":17},"end":{"line":21,"column":13}},"11":{"start":{"line":20,"column":16},"end":{"line":20,"column":39}},"12":{"start":{"line":25,"column":8},"end":{"line":25,"column":22}}},"fnMap":{"0":{"name":"(anonymous_0)","decl":{"start":{"line":5,"column":17},"end":{"line":5,"column":18}},"loc":{"start":{"line":5,"column":31},"end":{"line":26,"column":1}},"line":5}},"branchMap":{"0":{"loc":{"start":{"line":6,"column":4},"end":{"line":8,"column":5}},"type":"if","locations":[{"start":{"line":6,"column":4},"end":{"line":8,"column":5}},{"start":{"line":6,"column":4},"end":{"line":8,"column":5}}],"line":6},"1":{"loc":{"start":{"line":16,"column":12},"end":{"line":21,"column":13}},"type":"if","locations":[{"start":{"line":16,"column":12},"end":{"line":21,"column":13}},{"start":{"line":16,"column":12},"end":{"line":21,"column":13}}],"line":16},"2":{"loc":{"start":{"line":19,"column":17},"end":{"line":21,"column":13}},"type":"if","locations":[{"start":{"line":19,"column":17},"end":{"line":21,"column":13}},{"start":{"line":19,"column":17},"end":{"line":21,"column":13}}],"line":19}},"s":{"0":1,"1":1,"2":4,"3":1,"4":3,"5":3,"6":3,"7":3,"8":5,"9":3,"10":2,"11":2,"12":3},"f":{"0":4},"b":{"0":[1,3],"1":[3,2],"2":[2,0]},"_coverageSchema":"332fd63041d2c1bcb487cc26dd0d5f7d97098a6c","hash":"b80de782d076a31c49b055690bb9661b1580ae61"}
}
