{"/Users/jencarrigan/Documents/GitHub/data-structures-and-algorithms/trees/tree.js": {"path":"/Users/jencarrigan/Documents/GitHub/data-structures-and-algorithms/trees/tree.js","statementMap":{"0":{"start":{"line":3,"column":4},"end":{"line":3,"column":21}},"1":{"start":{"line":4,"column":4},"end":{"line":4,"column":21}},"2":{"start":{"line":5,"column":4},"end":{"line":5,"column":23}},"3":{"start":{"line":11,"column":4},"end":{"line":11,"column":21}},"4":{"start":{"line":15,"column":14},"end":{"line":15,"column":16}},"5":{"start":{"line":18,"column":6},"end":{"line":18,"column":35}},"6":{"start":{"line":18,"column":26},"end":{"line":18,"column":33}},"7":{"start":{"line":20,"column":6},"end":{"line":20,"column":27}},"8":{"start":{"line":21,"column":6},"end":{"line":21,"column":33}},"9":{"start":{"line":22,"column":6},"end":{"line":22,"column":34}},"10":{"start":{"line":25,"column":4},"end":{"line":25,"column":26}},"11":{"start":{"line":26,"column":4},"end":{"line":26,"column":15}},"12":{"start":{"line":30,"column":14},"end":{"line":30,"column":16}},"13":{"start":{"line":33,"column":6},"end":{"line":33,"column":35}},"14":{"start":{"line":33,"column":26},"end":{"line":33,"column":33}},"15":{"start":{"line":35,"column":6},"end":{"line":35,"column":32}},"16":{"start":{"line":36,"column":6},"end":{"line":36,"column":27}},"17":{"start":{"line":37,"column":6},"end":{"line":37,"column":33}},"18":{"start":{"line":40,"column":4},"end":{"line":40,"column":25}},"19":{"start":{"line":41,"column":4},"end":{"line":41,"column":15}},"20":{"start":{"line":45,"column":14},"end":{"line":45,"column":16}},"21":{"start":{"line":48,"column":6},"end":{"line":48,"column":35}},"22":{"start":{"line":48,"column":26},"end":{"line":48,"column":33}},"23":{"start":{"line":50,"column":6},"end":{"line":50,"column":34}},"24":{"start":{"line":51,"column":6},"end":{"line":51,"column":35}},"25":{"start":{"line":52,"column":6},"end":{"line":52,"column":27}},"26":{"start":{"line":55,"column":4},"end":{"line":55,"column":27}},"27":{"start":{"line":56,"column":4},"end":{"line":56,"column":15}},"28":{"start":{"line":62,"column":4},"end":{"line":62,"column":21}},"29":{"start":{"line":66,"column":14},"end":{"line":66,"column":16}},"30":{"start":{"line":69,"column":6},"end":{"line":69,"column":35}},"31":{"start":{"line":69,"column":26},"end":{"line":69,"column":33}},"32":{"start":{"line":71,"column":6},"end":{"line":71,"column":27}},"33":{"start":{"line":72,"column":6},"end":{"line":72,"column":33}},"34":{"start":{"line":73,"column":6},"end":{"line":73,"column":34}},"35":{"start":{"line":76,"column":4},"end":{"line":76,"column":26}},"36":{"start":{"line":77,"column":4},"end":{"line":77,"column":15}},"37":{"start":{"line":81,"column":4},"end":{"line":84,"column":5}},"38":{"start":{"line":82,"column":6},"end":{"line":82,"column":32}},"39":{"start":{"line":83,"column":6},"end":{"line":83,"column":13}},"40":{"start":{"line":86,"column":4},"end":{"line":86,"column":33}},"41":{"start":{"line":89,"column":6},"end":{"line":92,"column":7}},"42":{"start":{"line":90,"column":8},"end":{"line":90,"column":29}},"43":{"start":{"line":91,"column":8},"end":{"line":91,"column":20}},"44":{"start":{"line":93,"column":6},"end":{"line":100,"column":7}},"45":{"start":{"line":94,"column":8},"end":{"line":94,"column":49}},"46":{"start":{"line":95,"column":8},"end":{"line":95,"column":20}},"47":{"start":{"line":97,"column":11},"end":{"line":100,"column":7}},"48":{"start":{"line":98,"column":8},"end":{"line":98,"column":51}},"49":{"start":{"line":99,"column":8},"end":{"line":99,"column":20}},"50":{"start":{"line":105,"column":4},"end":{"line":107,"column":5}},"51":{"start":{"line":106,"column":6},"end":{"line":106,"column":18}},"52":{"start":{"line":109,"column":4},"end":{"line":114,"column":5}},"53":{"start":{"line":110,"column":6},"end":{"line":110,"column":41}},"54":{"start":{"line":113,"column":6},"end":{"line":113,"column":42}},"55":{"start":{"line":118,"column":0},"end":{"line":122,"column":2}}},"fnMap":{"0":{"name":"(anonymous_0)","decl":{"start":{"line":2,"column":2},"end":{"line":2,"column":3}},"loc":{"start":{"line":2,"column":46},"end":{"line":6,"column":3}},"line":2},"1":{"name":"(anonymous_1)","decl":{"start":{"line":10,"column":2},"end":{"line":10,"column":3}},"loc":{"start":{"line":10,"column":27},"end":{"line":12,"column":3}},"line":10},"2":{"name":"(anonymous_2)","decl":{"start":{"line":14,"column":2},"end":{"line":14,"column":3}},"loc":{"start":{"line":14,"column":24},"end":{"line":27,"column":3}},"line":14},"3":{"name":"getNodePreorder","decl":{"start":{"line":17,"column":13},"end":{"line":17,"column":28}},"loc":{"start":{"line":17,"column":43},"end":{"line":23,"column":5}},"line":17},"4":{"name":"(anonymous_4)","decl":{"start":{"line":29,"column":2},"end":{"line":29,"column":3}},"loc":{"start":{"line":29,"column":23},"end":{"line":42,"column":3}},"line":29},"5":{"name":"getNodeInorder","decl":{"start":{"line":32,"column":13},"end":{"line":32,"column":27}},"loc":{"start":{"line":32,"column":42},"end":{"line":38,"column":5}},"line":32},"6":{"name":"(anonymous_6)","decl":{"start":{"line":44,"column":2},"end":{"line":44,"column":3}},"loc":{"start":{"line":44,"column":25},"end":{"line":57,"column":3}},"line":44},"7":{"name":"getNodePostorder","decl":{"start":{"line":47,"column":13},"end":{"line":47,"column":29}},"loc":{"start":{"line":47,"column":44},"end":{"line":53,"column":5}},"line":47},"8":{"name":"(anonymous_8)","decl":{"start":{"line":61,"column":2},"end":{"line":61,"column":3}},"loc":{"start":{"line":61,"column":27},"end":{"line":63,"column":3}},"line":61},"9":{"name":"(anonymous_9)","decl":{"start":{"line":65,"column":2},"end":{"line":65,"column":3}},"loc":{"start":{"line":65,"column":24},"end":{"line":78,"column":3}},"line":65},"10":{"name":"getNodePreorder","decl":{"start":{"line":68,"column":13},"end":{"line":68,"column":28}},"loc":{"start":{"line":68,"column":43},"end":{"line":74,"column":5}},"line":68},"11":{"name":"(anonymous_11)","decl":{"start":{"line":80,"column":2},"end":{"line":80,"column":3}},"loc":{"start":{"line":80,"column":11},"end":{"line":102,"column":3}},"line":80},"12":{"name":"addRecursive","decl":{"start":{"line":88,"column":13},"end":{"line":88,"column":25}},"loc":{"start":{"line":88,"column":37},"end":{"line":101,"column":5}},"line":88},"13":{"name":"(anonymous_13)","decl":{"start":{"line":104,"column":2},"end":{"line":104,"column":3}},"loc":{"start":{"line":104,"column":27},"end":{"line":115,"column":3}},"line":104}},"branchMap":{"0":{"loc":{"start":{"line":2,"column":19},"end":{"line":2,"column":30}},"type":"default-arg","locations":[{"start":{"line":2,"column":26},"end":{"line":2,"column":30}}],"line":2},"1":{"loc":{"start":{"line":2,"column":32},"end":{"line":2,"column":44}},"type":"default-arg","locations":[{"start":{"line":2,"column":40},"end":{"line":2,"column":44}}],"line":2},"2":{"loc":{"start":{"line":10,"column":14},"end":{"line":10,"column":25}},"type":"default-arg","locations":[{"start":{"line":10,"column":21},"end":{"line":10,"column":25}}],"line":10},"3":{"loc":{"start":{"line":14,"column":11},"end":{"line":14,"column":22}},"type":"default-arg","locations":[{"start":{"line":14,"column":18},"end":{"line":14,"column":22}}],"line":14},"4":{"loc":{"start":{"line":17,"column":30},"end":{"line":17,"column":41}},"type":"default-arg","locations":[{"start":{"line":17,"column":37},"end":{"line":17,"column":41}}],"line":17},"5":{"loc":{"start":{"line":18,"column":6},"end":{"line":18,"column":35}},"type":"if","locations":[{"start":{"line":18,"column":6},"end":{"line":18,"column":35}},{"start":{"line":18,"column":6},"end":{"line":18,"column":35}}],"line":18},"6":{"loc":{"start":{"line":29,"column":10},"end":{"line":29,"column":21}},"type":"default-arg","locations":[{"start":{"line":29,"column":17},"end":{"line":29,"column":21}}],"line":29},"7":{"loc":{"start":{"line":32,"column":29},"end":{"line":32,"column":40}},"type":"default-arg","locations":[{"start":{"line":32,"column":36},"end":{"line":32,"column":40}}],"line":32},"8":{"loc":{"start":{"line":33,"column":6},"end":{"line":33,"column":35}},"type":"if","locations":[{"start":{"line":33,"column":6},"end":{"line":33,"column":35}},{"start":{"line":33,"column":6},"end":{"line":33,"column":35}}],"line":33},"9":{"loc":{"start":{"line":44,"column":12},"end":{"line":44,"column":23}},"type":"default-arg","locations":[{"start":{"line":44,"column":19},"end":{"line":44,"column":23}}],"line":44},"10":{"loc":{"start":{"line":47,"column":31},"end":{"line":47,"column":42}},"type":"default-arg","locations":[{"start":{"line":47,"column":38},"end":{"line":47,"column":42}}],"line":47},"11":{"loc":{"start":{"line":48,"column":6},"end":{"line":48,"column":35}},"type":"if","locations":[{"start":{"line":48,"column":6},"end":{"line":48,"column":35}},{"start":{"line":48,"column":6},"end":{"line":48,"column":35}}],"line":48},"12":{"loc":{"start":{"line":61,"column":14},"end":{"line":61,"column":25}},"type":"default-arg","locations":[{"start":{"line":61,"column":21},"end":{"line":61,"column":25}}],"line":61},"13":{"loc":{"start":{"line":65,"column":11},"end":{"line":65,"column":22}},"type":"default-arg","locations":[{"start":{"line":65,"column":18},"end":{"line":65,"column":22}}],"line":65},"14":{"loc":{"start":{"line":68,"column":30},"end":{"line":68,"column":41}},"type":"default-arg","locations":[{"start":{"line":68,"column":37},"end":{"line":68,"column":41}}],"line":68},"15":{"loc":{"start":{"line":69,"column":6},"end":{"line":69,"column":35}},"type":"if","locations":[{"start":{"line":69,"column":6},"end":{"line":69,"column":35}},{"start":{"line":69,"column":6},"end":{"line":69,"column":35}}],"line":69},"16":{"loc":{"start":{"line":81,"column":4},"end":{"line":84,"column":5}},"type":"if","locations":[{"start":{"line":81,"column":4},"end":{"line":84,"column":5}},{"start":{"line":81,"column":4},"end":{"line":84,"column":5}}],"line":81},"17":{"loc":{"start":{"line":89,"column":6},"end":{"line":92,"column":7}},"type":"if","locations":[{"start":{"line":89,"column":6},"end":{"line":92,"column":7}},{"start":{"line":89,"column":6},"end":{"line":92,"column":7}}],"line":89},"18":{"loc":{"start":{"line":93,"column":6},"end":{"line":100,"column":7}},"type":"if","locations":[{"start":{"line":93,"column":6},"end":{"line":100,"column":7}},{"start":{"line":93,"column":6},"end":{"line":100,"column":7}}],"line":93},"19":{"loc":{"start":{"line":97,"column":11},"end":{"line":100,"column":7}},"type":"if","locations":[{"start":{"line":97,"column":11},"end":{"line":100,"column":7}},{"start":{"line":97,"column":11},"end":{"line":100,"column":7}}],"line":97},"20":{"loc":{"start":{"line":104,"column":9},"end":{"line":104,"column":20}},"type":"default-arg","locations":[{"start":{"line":104,"column":16},"end":{"line":104,"column":20}}],"line":104},"21":{"loc":{"start":{"line":105,"column":4},"end":{"line":107,"column":5}},"type":"if","locations":[{"start":{"line":105,"column":4},"end":{"line":107,"column":5}},{"start":{"line":105,"column":4},"end":{"line":107,"column":5}}],"line":105},"22":{"loc":{"start":{"line":105,"column":8},"end":{"line":105,"column":43}},"type":"binary-expr","locations":[{"start":{"line":105,"column":8},"end":{"line":105,"column":26}},{"start":{"line":105,"column":30},"end":{"line":105,"column":43}}],"line":105},"23":{"loc":{"start":{"line":109,"column":4},"end":{"line":114,"column":5}},"type":"if","locations":[{"start":{"line":109,"column":4},"end":{"line":114,"column":5}},{"start":{"line":109,"column":4},"end":{"line":114,"column":5}}],"line":109}},"s":{"0":25,"1":25,"2":25,"3":2,"4":1,"5":13,"6":7,"7":6,"8":6,"9":6,"10":1,"11":1,"12":1,"13":13,"14":7,"15":6,"16":6,"17":6,"18":1,"19":1,"20":1,"21":13,"22":7,"23":6,"24":6,"25":6,"26":1,"27":1,"28":3,"29":1,"30":13,"31":7,"32":6,"33":6,"34":6,"35":1,"36":1,"37":6,"38":1,"39":1,"40":5,"41":13,"42":5,"43":5,"44":8,"45":5,"46":5,"47":3,"48":3,"49":3,"50":4,"51":1,"52":3,"53":1,"54":2,"55":1},"f":{"0":25,"1":2,"2":1,"3":13,"4":1,"5":13,"6":1,"7":13,"8":3,"9":1,"10":13,"11":6,"12":13,"13":4},"b":{"0":[16],"1":[17],"2":[1],"3":[0],"4":[0],"5":[7,6],"6":[0],"7":[0],"8":[7,6],"9":[0],"10":[0],"11":[7,6],"12":[2],"13":[0],"14":[0],"15":[7,6],"16":[1,5],"17":[5,8],"18":[5,3],"19":[3,0],"20":[0],"21":[1,3],"22":[4,3],"23":[1,2]},"_coverageSchema":"332fd63041d2c1bcb487cc26dd0d5f7d97098a6c","hash":"12a521e97912d863bfbca7040f0b016683c4c8c3"}
}
