TN:
SF:/Users/jencarrigan/Documents/GitHub/data-structures-and-algorithms/trees/tree.js
FN:2,(anonymous_0)
FN:10,(anonymous_1)
FN:14,(anonymous_2)
FN:17,getNodePreorder
FN:29,(anonymous_4)
FN:32,getNodeInorder
FN:44,(anonymous_6)
FN:47,getNodePostorder
FN:61,(anonymous_8)
FN:65,(anonymous_9)
FN:68,getNodePreorder
FN:80,(anonymous_11)
FN:88,addRecursive
FN:104,(anonymous_13)
FNF:14
FNH:14
FNDA:25,(anonymous_0)
FNDA:2,(anonymous_1)
FNDA:1,(anonymous_2)
FNDA:13,getNodePreorder
FNDA:1,(anonymous_4)
FNDA:13,getNodeInorder
FNDA:1,(anonymous_6)
FNDA:13,getNodePostorder
FNDA:3,(anonymous_8)
FNDA:1,(anonymous_9)
FNDA:13,getNodePreorder
FNDA:6,(anonymous_11)
FNDA:13,addRecursive
FNDA:4,(anonymous_13)
DA:3,25
DA:4,25
DA:5,25
DA:11,2
DA:15,1
DA:18,13
DA:20,6
DA:21,6
DA:22,6
DA:25,1
DA:26,1
DA:30,1
DA:33,13
DA:35,6
DA:36,6
DA:37,6
DA:40,1
DA:41,1
DA:45,1
DA:48,13
DA:50,6
DA:51,6
DA:52,6
DA:55,1
DA:56,1
DA:62,3
DA:66,1
DA:69,13
DA:71,6
DA:72,6
DA:73,6
DA:76,1
DA:77,1
DA:81,6
DA:82,1
DA:83,1
DA:86,5
DA:89,13
DA:90,5
DA:91,5
DA:93,8
DA:94,5
DA:95,5
DA:97,3
DA:98,3
DA:99,3
DA:105,4
DA:106,1
DA:109,3
DA:110,1
DA:113,2
DA:118,1
LF:52
LH:52
BRDA:2,0,0,16
BRDA:2,1,0,17
BRDA:10,2,0,1
BRDA:14,3,0,0
BRDA:17,4,0,0
BRDA:18,5,0,7
BRDA:18,5,1,6
BRDA:29,6,0,0
BRDA:32,7,0,0
BRDA:33,8,0,7
BRDA:33,8,1,6
BRDA:44,9,0,0
BRDA:47,10,0,0
BRDA:48,11,0,7
BRDA:48,11,1,6
BRDA:61,12,0,2
BRDA:65,13,0,0
BRDA:68,14,0,0
BRDA:69,15,0,7
BRDA:69,15,1,6
BRDA:81,16,0,1
BRDA:81,16,1,5
BRDA:89,17,0,5
BRDA:89,17,1,8
BRDA:93,18,0,5
BRDA:93,18,1,3
BRDA:97,19,0,3
BRDA:97,19,1,0
BRDA:104,20,0,0
BRDA:105,21,0,1
BRDA:105,21,1,3
BRDA:105,22,0,4
BRDA:105,22,1,3
BRDA:109,23,0,1
BRDA:109,23,1,2
BRF:35
BRH:25
end_of_record
